[12:15:02.920]-[tid:78191]-[clib.c:7455] acyear: 2020
[12:15:02.920]-[tid:78191]-[clib.c:7457] acmon: 12
[12:15:02.920]-[tid:78191]-[clib.c:7459] acday: 23
[12:15:02.920]-[tid:78191]-[clib.c:7461] achour: 11
[12:15:02.920]-[tid:78191]-[clib.c:7463] acmin: 22
[12:15:02.920]-[tid:78191]-[clib.c:7465] acsec: 33
[12:15:02.920]-[tid:78191]-[clib.c:7467] acM: 111
[12:15:02.921]-[tid:78191]-[mainplib.cpp:24][tnow : 2020-12-23 11:22:33.111]
[12:15:02.921]-[tid:78191]-[clib.c:7438] acyear: 2020
[12:15:02.921]-[tid:78191]-[clib.c:7440] acmon: 12
[12:15:02.921]-[tid:78191]-[clib.c:7442] acday: 23
[12:15:02.921]-[tid:78191]-[clib.c:7444] achour: 11
[12:15:02.921]-[tid:78191]-[clib.c:7446] acmin: 22
[12:15:02.921]-[tid:78191]-[clib.c:7448] acsec: 33
[12:15:02.921]-[tid:78191]-[clib.c:7450] acM: 000
[12:15:02.921]-[tid:78191]-[mainplib.cpp:26][t2 : 2020-12-23 11:22:33.000]
[12:15:02.921]-[tid:78191]-[clib.c:7472] acyear: 2020
[12:15:02.921]-[tid:78191]-[clib.c:7474] acmon: 01
[12:15:02.922]-[tid:78191]-[clib.c:7476] acday: 01
[12:15:02.922]-[tid:78191]-[clib.c:7478] achour: 11
[12:15:02.922]-[tid:78191]-[clib.c:7480] acmin: 22
[12:15:02.922]-[tid:78191]-[clib.c:7482] acsec: 33
[12:15:02.922]-[tid:78191]-[clib.c:7484] acM: 999
[12:15:02.922]-[tid:78191]-[mainplib.cpp:28][t3 : 2020-01-01 11:22:33.999]
[12:15:02.922]-[tid:78191]-[clib.c:7489] acyear: 2020
[12:15:02.922]-[tid:78191]-[clib.c:7491] acmon: 01
[12:15:02.922]-[tid:78191]-[clib.c:7493] acday: 01
[12:15:02.922]-[tid:78191]-[clib.c:7495] achour: 11
[12:15:02.922]-[tid:78191]-[clib.c:7497] acmin: 22
[12:15:02.922]-[tid:78191]-[clib.c:7499] acsec: 33
[12:15:02.922]-[tid:78191]-[clib.c:7501] acM: 000
[12:15:02.922]-[tid:78191]-[mainplib.cpp:30][t4 : 2020-01-01 11:22:33.000]
[12:15:02.922]-[tid:78191]-[mainplib.cpp:31][ptime::getStringTimeNow() : 12:15:02.922]
[12:15:02.923]-[tid:78191]-[mainplib.cpp:32][ptime::getStringTimeNowNoSplit() : 121502922]
[12:15:02.923]-[tid:78191]-[mainplib.cpp:33][ptime::getStringTimeNowNoSplitNoMs() : 121502]
[12:15:02.923]-[tid:78191]-[mainplib.cpp:34][ptime::getStringDateNowNoSplit() : 20201224]
[12:15:02.923]-[tid:78191]-[mainplib.cpp:36][t3.toStringTimeFull() : 2020-01-01 11:22:33.999]
[12:15:02.923]-[tid:78191]-[mainplib.cpp:37][t3.toStringDate() : 2020-01-01]
[12:15:02.923]-[tid:78191]-[mainplib.cpp:38][t3.toStringDateNoSplit() : 20200101]
[12:15:02.923]-[tid:78191]-[mainplib.cpp:39][t3.toStringTime() : 11:22:33.999]
[12:15:02.923]-[tid:78191]-[mainplib.cpp:40][t3.toStringTimeNoMs() : 11:22:33]
[12:15:02.923]-[tid:78191]-[mainplib.cpp:41][t3.toStringTimeNoSplit() : 112233999]
[12:15:02.923]-[tid:78191]-[mainplib.cpp:42][t3.toStringTimeNoSplitNoMs() : 112233]
[12:15:02.923]-[tid:78191]-[mainplib.cpp:43][t3.toStringTimeFullNoMs() : 2020-01-01 11:22:33]
[12:15:02.923]-[tid:78191]-[mainplib.cpp:44][t3.toStringTimeFullNoSplit() : 20200101112233999]
[12:15:02.923]-[tid:78191]-[mainplib.cpp:45][t3.toStringTimeFullNoSplitNoMs() : 20200101112233]
[12:16:49.182]-[tid:78886]-[clib.c:7455] acyear: 2020
[12:16:49.182]-[tid:78886]-[clib.c:7457] acmon: 12
[12:16:49.182]-[tid:78886]-[clib.c:7459] acday: 23
[12:16:49.182]-[tid:78886]-[clib.c:7461] achour: 11
[12:16:49.182]-[tid:78886]-[clib.c:7463] acmin: 22
[12:16:49.183]-[tid:78886]-[clib.c:7465] acsec: 33
[12:16:49.183]-[tid:78886]-[clib.c:7467] acM: 111
[12:16:49.183]-[tid:78886]-[testptime.h:11][tnow : 2020-12-23 11:22:33.111]
[12:16:49.183]-[tid:78886]-[clib.c:7438] acyear: 2020
[12:16:49.183]-[tid:78886]-[clib.c:7440] acmon: 12
[12:16:49.183]-[tid:78886]-[clib.c:7442] acday: 23
[12:16:49.183]-[tid:78886]-[clib.c:7444] achour: 11
[12:16:49.183]-[tid:78886]-[clib.c:7446] acmin: 22
[12:16:49.183]-[tid:78886]-[clib.c:7448] acsec: 33
[12:16:49.183]-[tid:78886]-[clib.c:7450] acM: 000
[12:16:49.183]-[tid:78886]-[testptime.h:13][t2 : 2020-12-23 11:22:33.000]
[12:16:49.183]-[tid:78886]-[clib.c:7472] acyear: 2020
[12:16:49.184]-[tid:78886]-[clib.c:7474] acmon: 01
[12:16:49.184]-[tid:78886]-[clib.c:7476] acday: 01
[12:16:49.184]-[tid:78886]-[clib.c:7478] achour: 11
[12:16:49.184]-[tid:78886]-[clib.c:7480] acmin: 22
[12:16:49.184]-[tid:78886]-[clib.c:7482] acsec: 33
[12:16:49.184]-[tid:78886]-[clib.c:7484] acM: 999
[12:16:49.184]-[tid:78886]-[testptime.h:15][t3 : 2020-01-01 11:22:33.999]
[12:16:49.184]-[tid:78886]-[clib.c:7489] acyear: 2020
[12:16:49.184]-[tid:78886]-[clib.c:7491] acmon: 01
[12:16:49.184]-[tid:78886]-[clib.c:7493] acday: 01
[12:16:49.184]-[tid:78886]-[clib.c:7495] achour: 11
[12:16:49.184]-[tid:78886]-[clib.c:7497] acmin: 22
[12:16:49.184]-[tid:78886]-[clib.c:7499] acsec: 33
[12:16:49.185]-[tid:78886]-[clib.c:7501] acM: 000
[12:16:49.185]-[tid:78886]-[testptime.h:17][t4 : 2020-01-01 11:22:33.000]
[12:16:49.185]-[tid:78886]-[testptime.h:18][ptime::getStringTimeNow() : 12:16:49.185]
[12:16:49.185]-[tid:78886]-[testptime.h:19][ptime::getStringTimeNowNoSplit() : 121649185]
[12:16:49.185]-[tid:78886]-[testptime.h:20][ptime::getStringTimeNowNoSplitNoMs() : 121649]
[12:16:49.185]-[tid:78886]-[testptime.h:21][ptime::getStringDateNowNoSplit() : 20201224]
[12:16:49.185]-[tid:78886]-[testptime.h:23][t3.toStringTimeFull() : 2020-01-01 11:22:33.999]
[12:16:49.185]-[tid:78886]-[testptime.h:24][t3.toStringDate() : 2020-01-01]
[12:16:49.185]-[tid:78886]-[testptime.h:25][t3.toStringDateNoSplit() : 20200101]
[12:16:49.185]-[tid:78886]-[testptime.h:26][t3.toStringTime() : 11:22:33.999]
[12:16:49.185]-[tid:78886]-[testptime.h:27][t3.toStringTimeNoMs() : 11:22:33]
[12:16:49.185]-[tid:78886]-[testptime.h:28][t3.toStringTimeNoSplit() : 112233999]
[12:16:49.185]-[tid:78886]-[testptime.h:29][t3.toStringTimeNoSplitNoMs() : 112233]
[12:16:49.185]-[tid:78886]-[testptime.h:30][t3.toStringTimeFullNoMs() : 2020-01-01 11:22:33]
[12:16:49.185]-[tid:78886]-[testptime.h:31][t3.toStringTimeFullNoSplit() : 20200101112233999]
[12:16:49.185]-[tid:78886]-[testptime.h:32][t3.toStringTimeFullNoSplitNoMs() : 20200101112233]
