[11:03:08.043]-[tid:27938]-[clib.c:7455] acyear: 2020
[11:03:08.043]-[tid:27938]-[clib.c:7457] acmon: 12
[11:03:08.043]-[tid:27938]-[clib.c:7459] acday: 23
[11:03:08.044]-[tid:27938]-[clib.c:7461] achour: 11
[11:03:08.044]-[tid:27938]-[clib.c:7463] acmin: 22
[11:03:08.044]-[tid:27938]-[clib.c:7465] acsec: 33
[11:03:08.045]-[tid:27938]-[clib.c:7467] acM: 111
[11:03:08.045]-[tid:27938]-[mainplib.cpp:24][tnow : 2020-12-23 11:22:33.111]
[11:03:08.045]-[tid:27938]-[clib.c:7438] acyear: 2020
[11:03:08.045]-[tid:27938]-[clib.c:7440] acmon: 12
[11:03:08.046]-[tid:27938]-[clib.c:7442] acday: 23
[11:03:08.046]-[tid:27938]-[clib.c:7444] achour: 11
[11:03:08.046]-[tid:27938]-[clib.c:7446] acmin: 22
[11:03:08.047]-[tid:27938]-[clib.c:7448] acsec: 33
[11:03:08.047]-[tid:27938]-[clib.c:7450] acM: 000
[11:03:08.047]-[tid:27938]-[mainplib.cpp:26][t2 : 2020-12-23 11:22:33.000]
[11:03:08.047]-[tid:27938]-[clib.c:7472] acyear: 2020
[11:03:08.048]-[tid:27938]-[clib.c:7474] acmon: 01
[11:03:08.048]-[tid:27938]-[clib.c:7476] acday: 01
[11:03:08.048]-[tid:27938]-[clib.c:7478] achour: 11
[11:03:08.048]-[tid:27938]-[clib.c:7480] acmin: 22
[11:03:08.049]-[tid:27938]-[clib.c:7482] acsec: 33
[11:03:08.049]-[tid:27938]-[clib.c:7484] acM: 999
[11:03:08.049]-[tid:27938]-[mainplib.cpp:28][t3 : 2020-01-01 11:22:33.999]
[11:03:08.049]-[tid:27938]-[clib.c:7489] acyear: 2020
[11:03:08.050]-[tid:27938]-[clib.c:7491] acmon: 01
[11:03:08.050]-[tid:27938]-[clib.c:7493] acday: 01
[11:03:08.050]-[tid:27938]-[clib.c:7495] achour: 11
[11:03:08.051]-[tid:27938]-[clib.c:7497] acmin: 22
[11:03:08.051]-[tid:27938]-[clib.c:7499] acsec: 33
[11:03:08.051]-[tid:27938]-[clib.c:7501] acM: 000
[11:03:08.051]-[tid:27938]-[mainplib.cpp:30][t4 : 2020-01-01 11:22:33.000]
[11:03:19.570]-[tid:29807]-[clib.c:7455] acyear: 2020
[11:03:19.570]-[tid:29807]-[clib.c:7457] acmon: 12
[11:03:19.570]-[tid:29807]-[clib.c:7459] acday: 23
[11:03:19.571]-[tid:29807]-[clib.c:7461] achour: 11
[11:03:19.571]-[tid:29807]-[clib.c:7463] acmin: 22
[11:03:19.571]-[tid:29807]-[clib.c:7465] acsec: 33
[11:03:19.572]-[tid:29807]-[clib.c:7467] acM: 111
[11:03:19.572]-[tid:29807]-[mainplib.cpp:24][tnow : 2020-12-23 11:22:33.111]
[11:03:19.572]-[tid:29807]-[clib.c:7438] acyear: 2020
[11:03:19.572]-[tid:29807]-[clib.c:7440] acmon: 12
[11:03:19.573]-[tid:29807]-[clib.c:7442] acday: 23
[11:03:19.573]-[tid:29807]-[clib.c:7444] achour: 11
[11:03:19.573]-[tid:29807]-[clib.c:7446] acmin: 22
[11:03:19.574]-[tid:29807]-[clib.c:7448] acsec: 33
[11:03:19.574]-[tid:29807]-[clib.c:7450] acM: 000
[11:03:19.574]-[tid:29807]-[mainplib.cpp:26][t2 : 2020-12-23 11:22:33.000]
[11:03:19.574]-[tid:29807]-[clib.c:7472] acyear: 2020
[11:03:19.574]-[tid:29807]-[clib.c:7474] acmon: 01
[11:03:19.574]-[tid:29807]-[clib.c:7476] acday: 01
[11:03:19.575]-[tid:29807]-[clib.c:7478] achour: 11
[11:03:19.575]-[tid:29807]-[clib.c:7480] acmin: 22
[11:03:19.575]-[tid:29807]-[clib.c:7482] acsec: 33
[11:03:19.575]-[tid:29807]-[clib.c:7484] acM: 999
[11:03:19.575]-[tid:29807]-[mainplib.cpp:28][t3 : 2020-01-01 11:22:33.999]
[11:03:19.575]-[tid:29807]-[clib.c:7489] acyear: 2020
[11:03:19.575]-[tid:29807]-[clib.c:7491] acmon: 01
[11:03:19.575]-[tid:29807]-[clib.c:7493] acday: 01
[11:03:19.575]-[tid:29807]-[clib.c:7495] achour: 11
[11:03:19.576]-[tid:29807]-[clib.c:7497] acmin: 22
[11:03:19.576]-[tid:29807]-[clib.c:7499] acsec: 33
[11:03:19.576]-[tid:29807]-[clib.c:7501] acM: 000
[11:03:19.576]-[tid:29807]-[mainplib.cpp:30][t4 : 2020-01-01 11:22:33.000]
[11:03:26.212]-[tid:30950]-[clib.c:7455] acyear: 2020
[11:03:26.213]-[tid:30950]-[clib.c:7457] acmon: 12
[11:03:26.213]-[tid:30950]-[clib.c:7459] acday: 23
[11:03:26.213]-[tid:30950]-[clib.c:7461] achour: 11
[11:03:26.214]-[tid:30950]-[clib.c:7463] acmin: 22
[11:03:26.214]-[tid:30950]-[clib.c:7465] acsec: 33
[11:03:26.214]-[tid:30950]-[clib.c:7467] acM: 111
[11:03:26.215]-[tid:30950]-[mainplib.cpp:24][tnow : 2020-12-23 11:22:33.111]
[11:03:26.215]-[tid:30950]-[clib.c:7438] acyear: 2020
[11:03:26.215]-[tid:30950]-[clib.c:7440] acmon: 12
[11:03:26.215]-[tid:30950]-[clib.c:7442] acday: 23
[11:03:26.216]-[tid:30950]-[clib.c:7444] achour: 11
[11:03:26.216]-[tid:30950]-[clib.c:7446] acmin: 22
[11:03:26.216]-[tid:30950]-[clib.c:7448] acsec: 33
[11:03:26.217]-[tid:30950]-[clib.c:7450] acM: 000
[11:03:26.217]-[tid:30950]-[mainplib.cpp:26][t2 : 2020-12-23 11:22:33.000]
[11:03:26.217]-[tid:30950]-[clib.c:7472] acyear: 2020
[11:03:26.217]-[tid:30950]-[clib.c:7474] acmon: 01
[11:03:26.218]-[tid:30950]-[clib.c:7476] acday: 01
[11:03:26.218]-[tid:30950]-[clib.c:7478] achour: 11
[11:03:26.218]-[tid:30950]-[clib.c:7480] acmin: 22
[11:03:26.218]-[tid:30950]-[clib.c:7482] acsec: 33
[11:03:26.219]-[tid:30950]-[clib.c:7484] acM: 999
[11:03:26.219]-[tid:30950]-[mainplib.cpp:28][t3 : 2020-01-01 11:22:33.999]
[11:03:26.219]-[tid:30950]-[clib.c:7489] acyear: 2020
[11:03:26.219]-[tid:30950]-[clib.c:7491] acmon: 01
[11:03:26.220]-[tid:30950]-[clib.c:7493] acday: 01
[11:03:26.220]-[tid:30950]-[clib.c:7495] achour: 11
[11:03:26.220]-[tid:30950]-[clib.c:7497] acmin: 22
[11:03:26.220]-[tid:30950]-[clib.c:7499] acsec: 33
[11:03:26.221]-[tid:30950]-[clib.c:7501] acM: 000
[11:03:26.221]-[tid:30950]-[mainplib.cpp:30][t4 : 2020-01-01 11:22:33.000]
[11:11:34.590]-[tid:11342]-[clib.c:7455] acyear: 2020
[11:11:34.590]-[tid:11342]-[clib.c:7457] acmon: 12
[11:11:34.590]-[tid:11342]-[clib.c:7459] acday: 23
[11:11:34.591]-[tid:11342]-[clib.c:7461] achour: 11
[11:11:34.591]-[tid:11342]-[clib.c:7463] acmin: 22
[11:11:34.591]-[tid:11342]-[clib.c:7465] acsec: 33
[11:11:34.592]-[tid:11342]-[clib.c:7467] acM: 111
[11:11:34.592]-[tid:11342]-[mainplib.cpp:24][tnow : 2020-12-23 11:22:33.111]
[11:11:34.592]-[tid:11342]-[clib.c:7438] acyear: 2020
[11:11:34.593]-[tid:11342]-[clib.c:7440] acmon: 12
[11:11:34.593]-[tid:11342]-[clib.c:7442] acday: 23
[11:11:34.593]-[tid:11342]-[clib.c:7444] achour: 11
[11:11:34.593]-[tid:11342]-[clib.c:7446] acmin: 22
[11:11:34.594]-[tid:11342]-[clib.c:7448] acsec: 33
[11:11:34.594]-[tid:11342]-[clib.c:7450] acM: 000
[11:11:34.594]-[tid:11342]-[mainplib.cpp:26][t2 : 2020-12-23 11:22:33.000]
[11:11:34.594]-[tid:11342]-[clib.c:7472] acyear: 2020
[11:11:34.594]-[tid:11342]-[clib.c:7474] acmon: 01
[11:11:34.594]-[tid:11342]-[clib.c:7476] acday: 01
[11:11:34.595]-[tid:11342]-[clib.c:7478] achour: 11
[11:11:34.595]-[tid:11342]-[clib.c:7480] acmin: 22
[11:11:34.595]-[tid:11342]-[clib.c:7482] acsec: 33
[11:11:34.595]-[tid:11342]-[clib.c:7484] acM: 999
[11:11:34.595]-[tid:11342]-[mainplib.cpp:28][t3 : 2020-01-01 11:22:33.999]
[11:11:34.595]-[tid:11342]-[clib.c:7489] acyear: 2020
[11:11:34.595]-[tid:11342]-[clib.c:7491] acmon: 01
[11:11:34.596]-[tid:11342]-[clib.c:7493] acday: 01
[11:11:34.596]-[tid:11342]-[clib.c:7495] achour: 11
[11:11:34.596]-[tid:11342]-[clib.c:7497] acmin: 22
[11:11:34.596]-[tid:11342]-[clib.c:7499] acsec: 33
[11:11:34.596]-[tid:11342]-[clib.c:7501] acM: 000
[11:11:34.596]-[tid:11342]-[mainplib.cpp:30][t4 : 2020-01-01 11:22:33.000]
[11:11:34.596]-[tid:11342]-[mainplib.cpp:31][ptime::getTimeNowNoSplit() : 2020-12-24 111134596]
[11:11:47.423]-[tid:13374]-[clib.c:7455] acyear: 2020
[11:11:47.424]-[tid:13374]-[clib.c:7457] acmon: 12
[11:11:47.424]-[tid:13374]-[clib.c:7459] acday: 23
[11:11:47.424]-[tid:13374]-[clib.c:7461] achour: 11
[11:11:47.425]-[tid:13374]-[clib.c:7463] acmin: 22
[11:11:47.425]-[tid:13374]-[clib.c:7465] acsec: 33
[11:11:47.425]-[tid:13374]-[clib.c:7467] acM: 111
[11:11:47.426]-[tid:13374]-[mainplib.cpp:24][tnow : 2020-12-23 11:22:33.111]
[11:11:47.426]-[tid:13374]-[clib.c:7438] acyear: 2020
[11:11:47.426]-[tid:13374]-[clib.c:7440] acmon: 12
[11:11:47.426]-[tid:13374]-[clib.c:7442] acday: 23
[11:11:47.427]-[tid:13374]-[clib.c:7444] achour: 11
[11:11:47.427]-[tid:13374]-[clib.c:7446] acmin: 22
[11:11:47.427]-[tid:13374]-[clib.c:7448] acsec: 33
[11:11:47.428]-[tid:13374]-[clib.c:7450] acM: 000
[11:11:47.428]-[tid:13374]-[mainplib.cpp:26][t2 : 2020-12-23 11:22:33.000]
[11:11:47.428]-[tid:13374]-[clib.c:7472] acyear: 2020
[11:11:47.428]-[tid:13374]-[clib.c:7474] acmon: 01
[11:11:47.429]-[tid:13374]-[clib.c:7476] acday: 01
[11:11:47.429]-[tid:13374]-[clib.c:7478] achour: 11
[11:11:47.429]-[tid:13374]-[clib.c:7480] acmin: 22
[11:11:47.429]-[tid:13374]-[clib.c:7482] acsec: 33
[11:11:47.430]-[tid:13374]-[clib.c:7484] acM: 999
[11:11:47.430]-[tid:13374]-[mainplib.cpp:28][t3 : 2020-01-01 11:22:33.999]
[11:11:47.430]-[tid:13374]-[clib.c:7489] acyear: 2020
[11:11:47.430]-[tid:13374]-[clib.c:7491] acmon: 01
[11:11:47.431]-[tid:13374]-[clib.c:7493] acday: 01
[11:11:47.431]-[tid:13374]-[clib.c:7495] achour: 11
[11:11:47.431]-[tid:13374]-[clib.c:7497] acmin: 22
[11:11:47.431]-[tid:13374]-[clib.c:7499] acsec: 33
[11:11:47.432]-[tid:13374]-[clib.c:7501] acM: 000
[11:11:47.432]-[tid:13374]-[mainplib.cpp:30][t4 : 2020-01-01 11:22:33.000]
[11:11:47.432]-[tid:13374]-[mainplib.cpp:31][ptime::getTimeNowNoSplit() : 111147432]
[11:12:11.908]-[tid:17133]-[clib.c:7455] acyear: 2020
[11:12:11.908]-[tid:17133]-[clib.c:7457] acmon: 12
[11:12:11.909]-[tid:17133]-[clib.c:7459] acday: 23
[11:12:11.909]-[tid:17133]-[clib.c:7461] achour: 11
[11:12:11.909]-[tid:17133]-[clib.c:7463] acmin: 22
[11:12:11.910]-[tid:17133]-[clib.c:7465] acsec: 33
[11:12:11.910]-[tid:17133]-[clib.c:7467] acM: 111
[11:12:11.910]-[tid:17133]-[mainplib.cpp:24][tnow : 2020-12-23 11:22:33.111]
[11:12:11.910]-[tid:17133]-[clib.c:7438] acyear: 2020
[11:12:11.911]-[tid:17133]-[clib.c:7440] acmon: 12
[11:12:11.911]-[tid:17133]-[clib.c:7442] acday: 23
[11:12:11.911]-[tid:17133]-[clib.c:7444] achour: 11
[11:12:11.912]-[tid:17133]-[clib.c:7446] acmin: 22
[11:12:11.912]-[tid:17133]-[clib.c:7448] acsec: 33
[11:12:11.912]-[tid:17133]-[clib.c:7450] acM: 000
[11:12:11.912]-[tid:17133]-[mainplib.cpp:26][t2 : 2020-12-23 11:22:33.000]
[11:12:11.913]-[tid:17133]-[clib.c:7472] acyear: 2020
[11:12:11.913]-[tid:17133]-[clib.c:7474] acmon: 01
[11:12:11.913]-[tid:17133]-[clib.c:7476] acday: 01
[11:12:11.913]-[tid:17133]-[clib.c:7478] achour: 11
[11:12:11.914]-[tid:17133]-[clib.c:7480] acmin: 22
[11:12:11.914]-[tid:17133]-[clib.c:7482] acsec: 33
[11:12:11.914]-[tid:17133]-[clib.c:7484] acM: 999
[11:12:11.914]-[tid:17133]-[mainplib.cpp:28][t3 : 2020-01-01 11:22:33.999]
[11:12:11.914]-[tid:17133]-[clib.c:7489] acyear: 2020
[11:12:11.915]-[tid:17133]-[clib.c:7491] acmon: 01
[11:12:11.915]-[tid:17133]-[clib.c:7493] acday: 01
[11:12:11.915]-[tid:17133]-[clib.c:7495] achour: 11
[11:12:11.915]-[tid:17133]-[clib.c:7497] acmin: 22
[11:12:11.915]-[tid:17133]-[clib.c:7499] acsec: 33
[11:12:11.915]-[tid:17133]-[clib.c:7501] acM: 000
[11:12:11.915]-[tid:17133]-[mainplib.cpp:30][t4 : 2020-01-01 11:22:33.000]
[11:12:11.915]-[tid:17133]-[mainplib.cpp:31][ptime::getTimeNow() : 11:12:11.915]
[11:12:11.915]-[tid:17133]-[mainplib.cpp:32][ptime::getTimeNowNoSplit() : 111211915]
[11:13:45.770]-[tid:30980]-[clib.c:7455] acyear: 2020
[11:13:45.770]-[tid:30980]-[clib.c:7457] acmon: 12
[11:13:45.771]-[tid:30980]-[clib.c:7459] acday: 23
[11:13:45.771]-[tid:30980]-[clib.c:7461] achour: 11
[11:13:45.771]-[tid:30980]-[clib.c:7463] acmin: 22
[11:13:45.771]-[tid:30980]-[clib.c:7465] acsec: 33
[11:13:45.772]-[tid:30980]-[clib.c:7467] acM: 111
[11:13:45.772]-[tid:30980]-[mainplib.cpp:24][tnow : 2020-12-23 11:22:33.111]
[11:13:45.772]-[tid:30980]-[clib.c:7438] acyear: 2020
[11:13:45.773]-[tid:30980]-[clib.c:7440] acmon: 12
[11:13:45.773]-[tid:30980]-[clib.c:7442] acday: 23
[11:13:45.773]-[tid:30980]-[clib.c:7444] achour: 11
[11:13:45.773]-[tid:30980]-[clib.c:7446] acmin: 22
[11:13:45.774]-[tid:30980]-[clib.c:7448] acsec: 33
[11:13:45.774]-[tid:30980]-[clib.c:7450] acM: 000
[11:13:45.774]-[tid:30980]-[mainplib.cpp:26][t2 : 2020-12-23 11:22:33.000]
[11:13:45.774]-[tid:30980]-[clib.c:7472] acyear: 2020
[11:13:45.775]-[tid:30980]-[clib.c:7474] acmon: 01
[11:13:45.775]-[tid:30980]-[clib.c:7476] acday: 01
[11:13:45.775]-[tid:30980]-[clib.c:7478] achour: 11
[11:13:45.775]-[tid:30980]-[clib.c:7480] acmin: 22
[11:13:45.775]-[tid:30980]-[clib.c:7482] acsec: 33
[11:13:45.776]-[tid:30980]-[clib.c:7484] acM: 999
[11:13:45.776]-[tid:30980]-[mainplib.cpp:28][t3 : 2020-01-01 11:22:33.999]
[11:13:45.776]-[tid:30980]-[clib.c:7489] acyear: 2020
[11:13:45.776]-[tid:30980]-[clib.c:7491] acmon: 01
[11:13:45.776]-[tid:30980]-[clib.c:7493] acday: 01
[11:13:45.776]-[tid:30980]-[clib.c:7495] achour: 11
[11:13:45.776]-[tid:30980]-[clib.c:7497] acmin: 22
[11:13:45.776]-[tid:30980]-[clib.c:7499] acsec: 33
[11:13:45.777]-[tid:30980]-[clib.c:7501] acM: 000
[11:13:45.777]-[tid:30980]-[mainplib.cpp:30][t4 : 2020-01-01 11:22:33.000]
[11:13:45.777]-[tid:30980]-[mainplib.cpp:31][ptime::getTimeNow() : 11:13:45.777]
[11:13:45.777]-[tid:30980]-[mainplib.cpp:32][ptime::getTimeNowNoSplit() : 111345777]
[11:13:45.777]-[tid:30980]-[mainplib.cpp:33][ptime::getTimeNowNoSplitNoMs() : 111345]
[11:15:31.834]-[tid:15094]-[clib.c:7455] acyear: 2020
[11:15:31.834]-[tid:15094]-[clib.c:7457] acmon: 12
[11:15:31.835]-[tid:15094]-[clib.c:7459] acday: 23
[11:15:31.835]-[tid:15094]-[clib.c:7461] achour: 11
[11:15:31.835]-[tid:15094]-[clib.c:7463] acmin: 22
[11:15:31.835]-[tid:15094]-[clib.c:7465] acsec: 33
[11:15:31.835]-[tid:15094]-[clib.c:7467] acM: 111
[11:15:31.835]-[tid:15094]-[mainplib.cpp:24][tnow : 2020-12-23 11:22:33.111]
[11:15:31.835]-[tid:15094]-[clib.c:7438] acyear: 2020
[11:15:31.835]-[tid:15094]-[clib.c:7440] acmon: 12
[11:15:31.836]-[tid:15094]-[clib.c:7442] acday: 23
[11:15:31.836]-[tid:15094]-[clib.c:7444] achour: 11
[11:15:31.836]-[tid:15094]-[clib.c:7446] acmin: 22
[11:15:31.836]-[tid:15094]-[clib.c:7448] acsec: 33
[11:15:31.836]-[tid:15094]-[clib.c:7450] acM: 000
[11:15:31.836]-[tid:15094]-[mainplib.cpp:26][t2 : 2020-12-23 11:22:33.000]
[11:15:31.836]-[tid:15094]-[clib.c:7472] acyear: 2020
[11:15:31.836]-[tid:15094]-[clib.c:7474] acmon: 01
[11:15:31.837]-[tid:15094]-[clib.c:7476] acday: 01
[11:15:31.837]-[tid:15094]-[clib.c:7478] achour: 11
[11:15:31.837]-[tid:15094]-[clib.c:7480] acmin: 22
[11:15:31.837]-[tid:15094]-[clib.c:7482] acsec: 33
[11:15:31.837]-[tid:15094]-[clib.c:7484] acM: 999
[11:15:31.837]-[tid:15094]-[mainplib.cpp:28][t3 : 2020-01-01 11:22:33.999]
[11:15:31.837]-[tid:15094]-[clib.c:7489] acyear: 2020
[11:15:31.837]-[tid:15094]-[clib.c:7491] acmon: 01
[11:15:31.837]-[tid:15094]-[clib.c:7493] acday: 01
[11:15:31.838]-[tid:15094]-[clib.c:7495] achour: 11
[11:15:31.838]-[tid:15094]-[clib.c:7497] acmin: 22
[11:15:31.838]-[tid:15094]-[clib.c:7499] acsec: 33
[11:15:31.838]-[tid:15094]-[clib.c:7501] acM: 000
[11:15:31.838]-[tid:15094]-[mainplib.cpp:30][t4 : 2020-01-01 11:22:33.000]
[11:15:31.838]-[tid:15094]-[mainplib.cpp:31][ptime::getTimeNow() : 11:15:31.838]
[11:15:31.838]-[tid:15094]-[mainplib.cpp:32][ptime::getTimeNowNoSplit() : 111531838]
[11:15:31.838]-[tid:15094]-[mainplib.cpp:33][ptime::getTimeNowNoSplitNoMs() : 111531]
[11:15:31.838]-[tid:15094]-[mainplib.cpp:34][ptime::getDateNowNoSplit() : 20201224]
[11:35:22.203]-[tid:18011]-[clib.c:7455] acyear: 2020
[11:35:22.203]-[tid:18011]-[clib.c:7457] acmon: 12
[11:35:22.204]-[tid:18011]-[clib.c:7459] acday: 23
[11:35:22.204]-[tid:18011]-[clib.c:7461] achour: 11
[11:35:22.204]-[tid:18011]-[clib.c:7463] acmin: 22
[11:35:22.204]-[tid:18011]-[clib.c:7465] acsec: 33
[11:35:22.205]-[tid:18011]-[clib.c:7467] acM: 111
[11:35:22.205]-[tid:18011]-[mainplib.cpp:24][tnow : 2020-12-23 11:22:33.111]
[11:35:22.205]-[tid:18011]-[clib.c:7438] acyear: 2020
[11:35:22.206]-[tid:18011]-[clib.c:7440] acmon: 12
[11:35:22.206]-[tid:18011]-[clib.c:7442] acday: 23
[11:35:22.206]-[tid:18011]-[clib.c:7444] achour: 11
[11:35:22.206]-[tid:18011]-[clib.c:7446] acmin: 22
[11:35:22.207]-[tid:18011]-[clib.c:7448] acsec: 33
[11:35:22.207]-[tid:18011]-[clib.c:7450] acM: 000
[11:35:22.207]-[tid:18011]-[mainplib.cpp:26][t2 : 2020-12-23 11:22:33.000]
[11:35:22.207]-[tid:18011]-[clib.c:7472] acyear: 2020
[11:35:22.208]-[tid:18011]-[clib.c:7474] acmon: 01
[11:35:22.208]-[tid:18011]-[clib.c:7476] acday: 01
[11:35:22.208]-[tid:18011]-[clib.c:7478] achour: 11
[11:35:22.209]-[tid:18011]-[clib.c:7480] acmin: 22
[11:35:22.209]-[tid:18011]-[clib.c:7482] acsec: 33
[11:35:22.209]-[tid:18011]-[clib.c:7484] acM: 999
[11:35:22.209]-[tid:18011]-[mainplib.cpp:28][t3 : 2020-01-01 11:22:33.999]
[11:35:22.210]-[tid:18011]-[clib.c:7489] acyear: 2020
[11:35:22.210]-[tid:18011]-[clib.c:7491] acmon: 01
[11:35:22.210]-[tid:18011]-[clib.c:7493] acday: 01
[11:35:22.210]-[tid:18011]-[clib.c:7495] achour: 11
[11:35:22.211]-[tid:18011]-[clib.c:7497] acmin: 22
[11:35:22.211]-[tid:18011]-[clib.c:7499] acsec: 33
[11:35:22.211]-[tid:18011]-[clib.c:7501] acM: 000
[11:35:22.211]-[tid:18011]-[mainplib.cpp:30][t4 : 2020-01-01 11:22:33.000]
[11:35:22.212]-[tid:18011]-[mainplib.cpp:31][ptime::getStringTimeNow() : 11:35:22.211]
[11:35:22.212]-[tid:18011]-[mainplib.cpp:32][ptime::getStringTimeNowNoSplit() : 113522212]
[11:35:22.212]-[tid:18011]-[mainplib.cpp:33][ptime::getStringTimeNowNoSplitNoMs() : 113522]
[11:35:22.212]-[tid:18011]-[mainplib.cpp:34][ptime::getStringDateNowNoSplit() : 20201224]
[11:35:22.212]-[tid:18011]-[mainplib.cpp:36][t4.toStringTimeFull() : 2020-01-01 11:22:33.000]
[11:35:34.077]-[tid:19957]-[clib.c:7455] acyear: 2020
[11:35:34.078]-[tid:19957]-[clib.c:7457] acmon: 12
[11:35:34.078]-[tid:19957]-[clib.c:7459] acday: 23
[11:35:34.078]-[tid:19957]-[clib.c:7461] achour: 11
[11:35:34.078]-[tid:19957]-[clib.c:7463] acmin: 22
[11:35:34.078]-[tid:19957]-[clib.c:7465] acsec: 33
[11:35:34.078]-[tid:19957]-[clib.c:7467] acM: 111
[11:35:34.078]-[tid:19957]-[mainplib.cpp:24][tnow : 2020-12-23 11:22:33.111]
[11:35:34.078]-[tid:19957]-[clib.c:7438] acyear: 2020
[11:35:34.079]-[tid:19957]-[clib.c:7440] acmon: 12
[11:35:34.079]-[tid:19957]-[clib.c:7442] acday: 23
[11:35:34.079]-[tid:19957]-[clib.c:7444] achour: 11
[11:35:34.079]-[tid:19957]-[clib.c:7446] acmin: 22
[11:35:34.079]-[tid:19957]-[clib.c:7448] acsec: 33
[11:35:34.079]-[tid:19957]-[clib.c:7450] acM: 000
[11:35:34.079]-[tid:19957]-[mainplib.cpp:26][t2 : 2020-12-23 11:22:33.000]
[11:35:34.079]-[tid:19957]-[clib.c:7472] acyear: 2020
[11:35:34.080]-[tid:19957]-[clib.c:7474] acmon: 01
[11:35:34.080]-[tid:19957]-[clib.c:7476] acday: 01
[11:35:34.080]-[tid:19957]-[clib.c:7478] achour: 11
[11:35:34.080]-[tid:19957]-[clib.c:7480] acmin: 22
[11:35:34.080]-[tid:19957]-[clib.c:7482] acsec: 33
[11:35:34.080]-[tid:19957]-[clib.c:7484] acM: 999
[11:35:34.081]-[tid:19957]-[mainplib.cpp:28][t3 : 2020-01-01 11:22:33.999]
[11:35:34.081]-[tid:19957]-[clib.c:7489] acyear: 2020
[11:35:34.081]-[tid:19957]-[clib.c:7491] acmon: 01
[11:35:34.081]-[tid:19957]-[clib.c:7493] acday: 01
[11:35:34.081]-[tid:19957]-[clib.c:7495] achour: 11
[11:35:34.081]-[tid:19957]-[clib.c:7497] acmin: 22
[11:35:34.081]-[tid:19957]-[clib.c:7499] acsec: 33
[11:35:34.082]-[tid:19957]-[clib.c:7501] acM: 000
[11:35:34.082]-[tid:19957]-[mainplib.cpp:30][t4 : 2020-01-01 11:22:33.000]
[11:35:34.082]-[tid:19957]-[mainplib.cpp:31][ptime::getStringTimeNow() : 11:35:34.082]
[11:35:34.082]-[tid:19957]-[mainplib.cpp:32][ptime::getStringTimeNowNoSplit() : 113534082]
[11:35:34.082]-[tid:19957]-[mainplib.cpp:33][ptime::getStringTimeNowNoSplitNoMs() : 113534]
[11:35:34.082]-[tid:19957]-[mainplib.cpp:34][ptime::getStringDateNowNoSplit() : 20201224]
[11:35:34.082]-[tid:19957]-[mainplib.cpp:36][t3.toStringTimeFull() : 2020-01-01 11:22:33.999]
[11:37:08.905]-[tid: 2802]-[clib.c:7455] acyear: 2020
[11:37:08.906]-[tid: 2802]-[clib.c:7457] acmon: 12
[11:37:08.906]-[tid: 2802]-[clib.c:7459] acday: 23
[11:37:08.906]-[tid: 2802]-[clib.c:7461] achour: 11
[11:37:08.907]-[tid: 2802]-[clib.c:7463] acmin: 22
[11:37:08.907]-[tid: 2802]-[clib.c:7465] acsec: 33
[11:37:08.907]-[tid: 2802]-[clib.c:7467] acM: 111
[11:37:08.908]-[tid: 2802]-[mainplib.cpp:24][tnow : 2020-12-23 11:22:33.111]
[11:37:08.908]-[tid: 2802]-[clib.c:7438] acyear: 2020
[11:37:08.908]-[tid: 2802]-[clib.c:7440] acmon: 12
[11:37:08.908]-[tid: 2802]-[clib.c:7442] acday: 23
[11:37:08.909]-[tid: 2802]-[clib.c:7444] achour: 11
[11:37:08.909]-[tid: 2802]-[clib.c:7446] acmin: 22
[11:37:08.909]-[tid: 2802]-[clib.c:7448] acsec: 33
[11:37:08.910]-[tid: 2802]-[clib.c:7450] acM: 000
[11:37:08.910]-[tid: 2802]-[mainplib.cpp:26][t2 : 2020-12-23 11:22:33.000]
[11:37:08.910]-[tid: 2802]-[clib.c:7472] acyear: 2020
[11:37:08.910]-[tid: 2802]-[clib.c:7474] acmon: 01
[11:37:08.911]-[tid: 2802]-[clib.c:7476] acday: 01
[11:37:08.911]-[tid: 2802]-[clib.c:7478] achour: 11
[11:37:08.911]-[tid: 2802]-[clib.c:7480] acmin: 22
[11:37:08.911]-[tid: 2802]-[clib.c:7482] acsec: 33
[11:37:08.912]-[tid: 2802]-[clib.c:7484] acM: 999
[11:37:08.912]-[tid: 2802]-[mainplib.cpp:28][t3 : 2020-01-01 11:22:33.999]
[11:37:08.912]-[tid: 2802]-[clib.c:7489] acyear: 2020
[11:37:08.912]-[tid: 2802]-[clib.c:7491] acmon: 01
[11:37:08.913]-[tid: 2802]-[clib.c:7493] acday: 01
[11:37:08.913]-[tid: 2802]-[clib.c:7495] achour: 11
[11:37:08.913]-[tid: 2802]-[clib.c:7497] acmin: 22
[11:37:08.914]-[tid: 2802]-[clib.c:7499] acsec: 33
[11:37:08.914]-[tid: 2802]-[clib.c:7501] acM: 000
[11:37:08.914]-[tid: 2802]-[mainplib.cpp:30][t4 : 2020-01-01 11:22:33.000]
[11:37:08.914]-[tid: 2802]-[mainplib.cpp:31][ptime::getStringTimeNow() : 11:37:08.914]
[11:37:08.914]-[tid: 2802]-[mainplib.cpp:32][ptime::getStringTimeNowNoSplit() : 113708914]
[11:37:08.914]-[tid: 2802]-[mainplib.cpp:33][ptime::getStringTimeNowNoSplitNoMs() : 113708]
[11:37:08.914]-[tid: 2802]-[mainplib.cpp:34][ptime::getStringDateNowNoSplit() : 20201224]
[11:37:08.914]-[tid: 2802]-[mainplib.cpp:36][t3.toStringTimeFull() : 2020-01-01 11:22:33.999]
[11:37:57.286]-[tid:11028]-[clib.c:7455] acyear: 2020
[11:37:57.286]-[tid:11028]-[clib.c:7457] acmon: 12
[11:37:57.286]-[tid:11028]-[clib.c:7459] acday: 23
[11:37:57.287]-[tid:11028]-[clib.c:7461] achour: 11
[11:37:57.287]-[tid:11028]-[clib.c:7463] acmin: 22
[11:37:57.287]-[tid:11028]-[clib.c:7465] acsec: 33
[11:37:57.288]-[tid:11028]-[clib.c:7467] acM: 111
[11:37:57.288]-[tid:11028]-[mainplib.cpp:24][tnow : 2020-12-23 11:22:33.111]
[11:37:57.288]-[tid:11028]-[clib.c:7438] acyear: 2020
[11:37:57.288]-[tid:11028]-[clib.c:7440] acmon: 12
[11:37:57.289]-[tid:11028]-[clib.c:7442] acday: 23
[11:37:57.289]-[tid:11028]-[clib.c:7444] achour: 11
[11:37:57.289]-[tid:11028]-[clib.c:7446] acmin: 22
[11:37:57.290]-[tid:11028]-[clib.c:7448] acsec: 33
[11:37:57.290]-[tid:11028]-[clib.c:7450] acM: 000
[11:37:57.290]-[tid:11028]-[mainplib.cpp:26][t2 : 2020-12-23 11:22:33.000]
[11:37:57.290]-[tid:11028]-[clib.c:7472] acyear: 2020
[11:37:57.291]-[tid:11028]-[clib.c:7474] acmon: 01
[11:37:57.291]-[tid:11028]-[clib.c:7476] acday: 01
[11:37:57.291]-[tid:11028]-[clib.c:7478] achour: 11
[11:37:57.291]-[tid:11028]-[clib.c:7480] acmin: 22
[11:37:57.292]-[tid:11028]-[clib.c:7482] acsec: 33
[11:37:57.292]-[tid:11028]-[clib.c:7484] acM: 999
[11:37:57.292]-[tid:11028]-[mainplib.cpp:28][t3 : 2020-01-01 11:22:33.999]
[11:37:57.292]-[tid:11028]-[clib.c:7489] acyear: 2020
[11:37:57.293]-[tid:11028]-[clib.c:7491] acmon: 01
[11:37:57.293]-[tid:11028]-[clib.c:7493] acday: 01
[11:37:57.293]-[tid:11028]-[clib.c:7495] achour: 11
[11:37:57.293]-[tid:11028]-[clib.c:7497] acmin: 22
[11:37:57.294]-[tid:11028]-[clib.c:7499] acsec: 33
[11:37:57.294]-[tid:11028]-[clib.c:7501] acM: 000
[11:37:57.294]-[tid:11028]-[mainplib.cpp:30][t4 : 2020-01-01 11:22:33.000]
[11:37:57.294]-[tid:11028]-[mainplib.cpp:31][ptime::getStringTimeNow() : 11:37:57.294]
[11:37:57.294]-[tid:11028]-[mainplib.cpp:32][ptime::getStringTimeNowNoSplit() : 113757294]
[11:37:57.294]-[tid:11028]-[mainplib.cpp:33][ptime::getStringTimeNowNoSplitNoMs() : 113757]
[11:37:57.294]-[tid:11028]-[mainplib.cpp:34][ptime::getStringDateNowNoSplit() : 20201224]
[11:37:57.294]-[tid:11028]-[mainplib.cpp:36][t3.toStringTimeFull() : 2020-01-01 11:22:33.999]
[11:37:57.294]-[tid:11028]-[mainplib.cpp:37][t3.toStringYYYYMMDD() : 2020-01-01]
[11:38:21.330]-[tid:14854]-[clib.c:7455] acyear: 2020
[11:38:21.330]-[tid:14854]-[clib.c:7457] acmon: 12
[11:38:21.331]-[tid:14854]-[clib.c:7459] acday: 23
[11:38:21.331]-[tid:14854]-[clib.c:7461] achour: 11
[11:38:21.331]-[tid:14854]-[clib.c:7463] acmin: 22
[11:38:21.331]-[tid:14854]-[clib.c:7465] acsec: 33
[11:38:21.332]-[tid:14854]-[clib.c:7467] acM: 111
[11:38:21.332]-[tid:14854]-[mainplib.cpp:24][tnow : 2020-12-23 11:22:33.111]
[11:38:21.332]-[tid:14854]-[clib.c:7438] acyear: 2020
[11:38:21.333]-[tid:14854]-[clib.c:7440] acmon: 12
[11:38:21.333]-[tid:14854]-[clib.c:7442] acday: 23
[11:38:21.333]-[tid:14854]-[clib.c:7444] achour: 11
[11:38:21.333]-[tid:14854]-[clib.c:7446] acmin: 22
[11:38:21.334]-[tid:14854]-[clib.c:7448] acsec: 33
[11:38:21.334]-[tid:14854]-[clib.c:7450] acM: 000
[11:38:21.334]-[tid:14854]-[mainplib.cpp:26][t2 : 2020-12-23 11:22:33.000]
[11:38:21.334]-[tid:14854]-[clib.c:7472] acyear: 2020
[11:38:21.334]-[tid:14854]-[clib.c:7474] acmon: 01
[11:38:21.334]-[tid:14854]-[clib.c:7476] acday: 01
[11:38:21.335]-[tid:14854]-[clib.c:7478] achour: 11
[11:38:21.335]-[tid:14854]-[clib.c:7480] acmin: 22
[11:38:21.335]-[tid:14854]-[clib.c:7482] acsec: 33
[11:38:21.335]-[tid:14854]-[clib.c:7484] acM: 999
[11:38:21.335]-[tid:14854]-[mainplib.cpp:28][t3 : 2020-01-01 11:22:33.999]
[11:38:21.335]-[tid:14854]-[clib.c:7489] acyear: 2020
[11:38:21.335]-[tid:14854]-[clib.c:7491] acmon: 01
[11:38:21.335]-[tid:14854]-[clib.c:7493] acday: 01
[11:38:21.336]-[tid:14854]-[clib.c:7495] achour: 11
[11:38:21.336]-[tid:14854]-[clib.c:7497] acmin: 22
[11:38:21.336]-[tid:14854]-[clib.c:7499] acsec: 33
[11:38:21.336]-[tid:14854]-[clib.c:7501] acM: 000
[11:38:21.336]-[tid:14854]-[mainplib.cpp:30][t4 : 2020-01-01 11:22:33.000]
[11:38:21.336]-[tid:14854]-[mainplib.cpp:31][ptime::getStringTimeNow() : 11:38:21.336]
[11:38:21.336]-[tid:14854]-[mainplib.cpp:32][ptime::getStringTimeNowNoSplit() : 113821336]
[11:38:21.336]-[tid:14854]-[mainplib.cpp:33][ptime::getStringTimeNowNoSplitNoMs() : 113821]
[11:38:21.336]-[tid:14854]-[mainplib.cpp:34][ptime::getStringDateNowNoSplit() : 20201224]
[11:38:21.336]-[tid:14854]-[mainplib.cpp:36][t3.toStringTimeFull() : 2020-01-01 11:22:33.999]
[11:38:21.336]-[tid:14854]-[mainplib.cpp:37][t3.toStringDateNoSplit() : 2020-01-01]
[11:39:33.511]-[tid:26774]-[clib.c:7455] acyear: 2020
[11:39:33.512]-[tid:26774]-[clib.c:7457] acmon: 12
[11:39:33.512]-[tid:26774]-[clib.c:7459] acday: 23
[11:39:33.512]-[tid:26774]-[clib.c:7461] achour: 11
[11:39:33.512]-[tid:26774]-[clib.c:7463] acmin: 22
[11:39:33.513]-[tid:26774]-[clib.c:7465] acsec: 33
[11:39:33.513]-[tid:26774]-[clib.c:7467] acM: 111
[11:39:33.513]-[tid:26774]-[mainplib.cpp:24][tnow : 2020-12-23 11:22:33.111]
[11:39:33.514]-[tid:26774]-[clib.c:7438] acyear: 2020
[11:39:33.514]-[tid:26774]-[clib.c:7440] acmon: 12
[11:39:33.514]-[tid:26774]-[clib.c:7442] acday: 23
[11:39:33.514]-[tid:26774]-[clib.c:7444] achour: 11
[11:39:33.515]-[tid:26774]-[clib.c:7446] acmin: 22
[11:39:33.515]-[tid:26774]-[clib.c:7448] acsec: 33
[11:39:33.515]-[tid:26774]-[clib.c:7450] acM: 000
[11:39:33.515]-[tid:26774]-[mainplib.cpp:26][t2 : 2020-12-23 11:22:33.000]
[11:39:33.516]-[tid:26774]-[clib.c:7472] acyear: 2020
[11:39:33.516]-[tid:26774]-[clib.c:7474] acmon: 01
[11:39:33.516]-[tid:26774]-[clib.c:7476] acday: 01
[11:39:33.517]-[tid:26774]-[clib.c:7478] achour: 11
[11:39:33.517]-[tid:26774]-[clib.c:7480] acmin: 22
[11:39:33.517]-[tid:26774]-[clib.c:7482] acsec: 33
[11:39:33.517]-[tid:26774]-[clib.c:7484] acM: 999
[11:39:33.518]-[tid:26774]-[mainplib.cpp:28][t3 : 2020-01-01 11:22:33.999]
[11:39:33.518]-[tid:26774]-[clib.c:7489] acyear: 2020
[11:39:33.518]-[tid:26774]-[clib.c:7491] acmon: 01
[11:39:33.518]-[tid:26774]-[clib.c:7493] acday: 01
[11:39:33.519]-[tid:26774]-[clib.c:7495] achour: 11
[11:39:33.519]-[tid:26774]-[clib.c:7497] acmin: 22
[11:39:33.519]-[tid:26774]-[clib.c:7499] acsec: 33
[11:39:33.520]-[tid:26774]-[clib.c:7501] acM: 000
[11:39:33.520]-[tid:26774]-[mainplib.cpp:30][t4 : 2020-01-01 11:22:33.000]
[11:39:33.520]-[tid:26774]-[mainplib.cpp:31][ptime::getStringTimeNow() : 11:39:33.520]
[11:39:33.520]-[tid:26774]-[mainplib.cpp:32][ptime::getStringTimeNowNoSplit() : 113933520]
[11:39:33.520]-[tid:26774]-[mainplib.cpp:33][ptime::getStringTimeNowNoSplitNoMs() : 113933]
[11:39:33.520]-[tid:26774]-[mainplib.cpp:34][ptime::getStringDateNowNoSplit() : 20201224]
[11:39:33.520]-[tid:26774]-[mainplib.cpp:36][t3.toStringTimeFull() : 2020-01-01 11:22:33.999]
[11:39:33.520]-[tid:26774]-[mainplib.cpp:37][t3.toStringDateNoSplit() : 2020-01-01]
[11:41:23.354]-[tid:12355]-[clib.c:7455] acyear: 2020
[11:41:23.355]-[tid:12355]-[clib.c:7457] acmon: 12
[11:41:23.355]-[tid:12355]-[clib.c:7459] acday: 23
[11:41:23.355]-[tid:12355]-[clib.c:7461] achour: 11
[11:41:23.355]-[tid:12355]-[clib.c:7463] acmin: 22
[11:41:23.355]-[tid:12355]-[clib.c:7465] acsec: 33
[11:41:23.356]-[tid:12355]-[clib.c:7467] acM: 111
[11:41:23.356]-[tid:12355]-[mainplib.cpp:24][tnow : 2020-12-23 11:22:33.111]
[11:41:23.356]-[tid:12355]-[clib.c:7438] acyear: 2020
[11:41:23.357]-[tid:12355]-[clib.c:7440] acmon: 12
[11:41:23.357]-[tid:12355]-[clib.c:7442] acday: 23
[11:41:23.357]-[tid:12355]-[clib.c:7444] achour: 11
[11:41:23.358]-[tid:12355]-[clib.c:7446] acmin: 22
[11:41:23.358]-[tid:12355]-[clib.c:7448] acsec: 33
[11:41:23.358]-[tid:12355]-[clib.c:7450] acM: 000
[11:41:23.358]-[tid:12355]-[mainplib.cpp:26][t2 : 2020-12-23 11:22:33.000]
[11:41:23.359]-[tid:12355]-[clib.c:7472] acyear: 2020
[11:41:23.359]-[tid:12355]-[clib.c:7474] acmon: 01
[11:41:23.359]-[tid:12355]-[clib.c:7476] acday: 01
[11:41:23.360]-[tid:12355]-[clib.c:7478] achour: 11
[11:41:23.360]-[tid:12355]-[clib.c:7480] acmin: 22
[11:41:23.360]-[tid:12355]-[clib.c:7482] acsec: 33
[11:41:23.360]-[tid:12355]-[clib.c:7484] acM: 999
[11:41:23.361]-[tid:12355]-[mainplib.cpp:28][t3 : 2020-01-01 11:22:33.999]
[11:41:23.361]-[tid:12355]-[clib.c:7489] acyear: 2020
[11:41:23.361]-[tid:12355]-[clib.c:7491] acmon: 01
[11:41:23.361]-[tid:12355]-[clib.c:7493] acday: 01
[11:41:23.362]-[tid:12355]-[clib.c:7495] achour: 11
[11:41:23.362]-[tid:12355]-[clib.c:7497] acmin: 22
[11:41:23.362]-[tid:12355]-[clib.c:7499] acsec: 33
[11:41:23.363]-[tid:12355]-[clib.c:7501] acM: 000
[11:41:23.363]-[tid:12355]-[mainplib.cpp:30][t4 : 2020-01-01 11:22:33.000]
[11:41:23.363]-[tid:12355]-[mainplib.cpp:31][ptime::getStringTimeNow() : 11:41:23.363]
[11:41:23.363]-[tid:12355]-[mainplib.cpp:32][ptime::getStringTimeNowNoSplit() : 114123363]
[11:41:23.363]-[tid:12355]-[mainplib.cpp:33][ptime::getStringTimeNowNoSplitNoMs() : 114123]
[11:41:23.363]-[tid:12355]-[mainplib.cpp:34][ptime::getStringDateNowNoSplit() : 20201224]
[11:41:23.363]-[tid:12355]-[mainplib.cpp:36][t3.toStringTimeFull() : 2020-01-01 11:22:33.999]
[11:41:23.363]-[tid:12355]-[mainplib.cpp:37][t3.toStringDate() : 2020-01-01]
[11:41:23.363]-[tid:12355]-[mainplib.cpp:38][t3.toStringDateNoSplit() : 20200101]
[11:42:18.133]-[tid:21086]-[clib.c:7455] acyear: 2020
[11:42:18.133]-[tid:21086]-[clib.c:7457] acmon: 12
[11:42:18.133]-[tid:21086]-[clib.c:7459] acday: 23
[11:42:18.134]-[tid:21086]-[clib.c:7461] achour: 11
[11:42:18.134]-[tid:21086]-[clib.c:7463] acmin: 22
[11:42:18.134]-[tid:21086]-[clib.c:7465] acsec: 33
[11:42:18.135]-[tid:21086]-[clib.c:7467] acM: 111
[11:42:18.135]-[tid:21086]-[mainplib.cpp:24][tnow : 2020-12-23 11:22:33.111]
[11:42:18.135]-[tid:21086]-[clib.c:7438] acyear: 2020
[11:42:18.136]-[tid:21086]-[clib.c:7440] acmon: 12
[11:42:18.136]-[tid:21086]-[clib.c:7442] acday: 23
[11:42:18.136]-[tid:21086]-[clib.c:7444] achour: 11
[11:42:18.136]-[tid:21086]-[clib.c:7446] acmin: 22
[11:42:18.137]-[tid:21086]-[clib.c:7448] acsec: 33
[11:42:18.137]-[tid:21086]-[clib.c:7450] acM: 000
[11:42:18.137]-[tid:21086]-[mainplib.cpp:26][t2 : 2020-12-23 11:22:33.000]
[11:42:18.137]-[tid:21086]-[clib.c:7472] acyear: 2020
[11:42:18.138]-[tid:21086]-[clib.c:7474] acmon: 01
[11:42:18.138]-[tid:21086]-[clib.c:7476] acday: 01
[11:42:18.138]-[tid:21086]-[clib.c:7478] achour: 11
[11:42:18.139]-[tid:21086]-[clib.c:7480] acmin: 22
[11:42:18.139]-[tid:21086]-[clib.c:7482] acsec: 33
[11:42:18.139]-[tid:21086]-[clib.c:7484] acM: 999
[11:42:18.139]-[tid:21086]-[mainplib.cpp:28][t3 : 2020-01-01 11:22:33.999]
[11:42:18.139]-[tid:21086]-[clib.c:7489] acyear: 2020
[11:42:18.140]-[tid:21086]-[clib.c:7491] acmon: 01
[11:42:18.140]-[tid:21086]-[clib.c:7493] acday: 01
[11:42:18.140]-[tid:21086]-[clib.c:7495] achour: 11
[11:42:18.141]-[tid:21086]-[clib.c:7497] acmin: 22
[11:42:18.141]-[tid:21086]-[clib.c:7499] acsec: 33
[11:42:18.141]-[tid:21086]-[clib.c:7501] acM: 000
[11:42:18.141]-[tid:21086]-[mainplib.cpp:30][t4 : 2020-01-01 11:22:33.000]
[11:42:18.142]-[tid:21086]-[mainplib.cpp:31][ptime::getStringTimeNow() : 11:42:18.142]
[11:42:18.142]-[tid:21086]-[mainplib.cpp:32][ptime::getStringTimeNowNoSplit() : 114218142]
[11:42:18.142]-[tid:21086]-[mainplib.cpp:33][ptime::getStringTimeNowNoSplitNoMs() : 114218]
[11:42:18.142]-[tid:21086]-[mainplib.cpp:34][ptime::getStringDateNowNoSplit() : 20201224]
[11:42:18.142]-[tid:21086]-[mainplib.cpp:36][t3.toStringTimeFull() : 2020-01-01 11:22:33.999]
[11:42:18.142]-[tid:21086]-[mainplib.cpp:37][t3.toStringDate() : 2020-01-01]
[11:42:18.142]-[tid:21086]-[mainplib.cpp:38][t3.toStringDateNoSplit() : 20200101]
[11:43:28.774]-[tid:32464]-[clib.c:7455] acyear: 2020
[11:43:28.774]-[tid:32464]-[clib.c:7457] acmon: 12
[11:43:28.775]-[tid:32464]-[clib.c:7459] acday: 23
[11:43:28.775]-[tid:32464]-[clib.c:7461] achour: 11
[11:43:28.775]-[tid:32464]-[clib.c:7463] acmin: 22
[11:43:28.775]-[tid:32464]-[clib.c:7465] acsec: 33
[11:43:28.776]-[tid:32464]-[clib.c:7467] acM: 111
[11:43:28.776]-[tid:32464]-[mainplib.cpp:24][tnow : 2020-12-23 11:22:33.111]
[11:43:28.776]-[tid:32464]-[clib.c:7438] acyear: 2020
[11:43:28.777]-[tid:32464]-[clib.c:7440] acmon: 12
[11:43:28.777]-[tid:32464]-[clib.c:7442] acday: 23
[11:43:28.777]-[tid:32464]-[clib.c:7444] achour: 11
[11:43:28.777]-[tid:32464]-[clib.c:7446] acmin: 22
[11:43:28.778]-[tid:32464]-[clib.c:7448] acsec: 33
[11:43:28.778]-[tid:32464]-[clib.c:7450] acM: 000
[11:43:28.778]-[tid:32464]-[mainplib.cpp:26][t2 : 2020-12-23 11:22:33.000]
[11:43:28.778]-[tid:32464]-[clib.c:7472] acyear: 2020
[11:43:28.779]-[tid:32464]-[clib.c:7474] acmon: 01
[11:43:28.779]-[tid:32464]-[clib.c:7476] acday: 01
[11:43:28.779]-[tid:32464]-[clib.c:7478] achour: 11
[11:43:28.780]-[tid:32464]-[clib.c:7480] acmin: 22
[11:43:28.780]-[tid:32464]-[clib.c:7482] acsec: 33
[11:43:28.780]-[tid:32464]-[clib.c:7484] acM: 999
[11:43:28.780]-[tid:32464]-[mainplib.cpp:28][t3 : 2020-01-01 11:22:33.999]
[11:43:28.780]-[tid:32464]-[clib.c:7489] acyear: 2020
[11:43:28.781]-[tid:32464]-[clib.c:7491] acmon: 01
[11:43:28.781]-[tid:32464]-[clib.c:7493] acday: 01
[11:43:28.781]-[tid:32464]-[clib.c:7495] achour: 11
[11:43:28.782]-[tid:32464]-[clib.c:7497] acmin: 22
[11:43:28.782]-[tid:32464]-[clib.c:7499] acsec: 33
[11:43:28.782]-[tid:32464]-[clib.c:7501] acM: 000
[11:43:28.782]-[tid:32464]-[mainplib.cpp:30][t4 : 2020-01-01 11:22:33.000]
[11:43:28.782]-[tid:32464]-[mainplib.cpp:31][ptime::getStringTimeNow() : 11:43:28.782]
[11:43:28.783]-[tid:32464]-[mainplib.cpp:32][ptime::getStringTimeNowNoSplit() : 114328783]
[11:43:28.783]-[tid:32464]-[mainplib.cpp:33][ptime::getStringTimeNowNoSplitNoMs() : 114328]
[11:43:28.783]-[tid:32464]-[mainplib.cpp:34][ptime::getStringDateNowNoSplit() : 20201224]
[11:43:28.783]-[tid:32464]-[mainplib.cpp:36][t3.toStringTimeFull() : 2020-01-01 11:22:33.999]
[11:43:28.783]-[tid:32464]-[mainplib.cpp:37][t3.toStringDate() : 2020-01-01]
[11:43:28.783]-[tid:32464]-[mainplib.cpp:38][t3.toStringDateNoSplit() : 20200101]
[11:43:28.783]-[tid:32464]-[mainplib.cpp:39][t3.toStringTime() : 2020-01-01]
[11:43:41.502]-[tid: 2450]-[clib.c:7455] acyear: 2020
[11:43:41.503]-[tid: 2450]-[clib.c:7457] acmon: 12
[11:43:41.503]-[tid: 2450]-[clib.c:7459] acday: 23
[11:43:41.503]-[tid: 2450]-[clib.c:7461] achour: 11
[11:43:41.503]-[tid: 2450]-[clib.c:7463] acmin: 22
[11:43:41.504]-[tid: 2450]-[clib.c:7465] acsec: 33
[11:43:41.504]-[tid: 2450]-[clib.c:7467] acM: 111
[11:43:41.504]-[tid: 2450]-[mainplib.cpp:24][tnow : 2020-12-23 11:22:33.111]
[11:43:41.505]-[tid: 2450]-[clib.c:7438] acyear: 2020
[11:43:41.505]-[tid: 2450]-[clib.c:7440] acmon: 12
[11:43:41.505]-[tid: 2450]-[clib.c:7442] acday: 23
[11:43:41.505]-[tid: 2450]-[clib.c:7444] achour: 11
[11:43:41.506]-[tid: 2450]-[clib.c:7446] acmin: 22
[11:43:41.506]-[tid: 2450]-[clib.c:7448] acsec: 33
[11:43:41.506]-[tid: 2450]-[clib.c:7450] acM: 000
[11:43:41.506]-[tid: 2450]-[mainplib.cpp:26][t2 : 2020-12-23 11:22:33.000]
[11:43:41.507]-[tid: 2450]-[clib.c:7472] acyear: 2020
[11:43:41.507]-[tid: 2450]-[clib.c:7474] acmon: 01
[11:43:41.507]-[tid: 2450]-[clib.c:7476] acday: 01
[11:43:41.508]-[tid: 2450]-[clib.c:7478] achour: 11
[11:43:41.508]-[tid: 2450]-[clib.c:7480] acmin: 22
[11:43:41.508]-[tid: 2450]-[clib.c:7482] acsec: 33
[11:43:41.508]-[tid: 2450]-[clib.c:7484] acM: 999
[11:43:41.509]-[tid: 2450]-[mainplib.cpp:28][t3 : 2020-01-01 11:22:33.999]
[11:43:41.509]-[tid: 2450]-[clib.c:7489] acyear: 2020
[11:43:41.509]-[tid: 2450]-[clib.c:7491] acmon: 01
[11:43:41.509]-[tid: 2450]-[clib.c:7493] acday: 01
[11:43:41.510]-[tid: 2450]-[clib.c:7495] achour: 11
[11:43:41.510]-[tid: 2450]-[clib.c:7497] acmin: 22
[11:43:41.510]-[tid: 2450]-[clib.c:7499] acsec: 33
[11:43:41.511]-[tid: 2450]-[clib.c:7501] acM: 000
[11:43:41.511]-[tid: 2450]-[mainplib.cpp:30][t4 : 2020-01-01 11:22:33.000]
[11:43:41.511]-[tid: 2450]-[mainplib.cpp:31][ptime::getStringTimeNow() : 11:43:41.511]
[11:43:41.511]-[tid: 2450]-[mainplib.cpp:32][ptime::getStringTimeNowNoSplit() : 114341511]
[11:43:41.511]-[tid: 2450]-[mainplib.cpp:33][ptime::getStringTimeNowNoSplitNoMs() : 114341]
[11:43:41.511]-[tid: 2450]-[mainplib.cpp:34][ptime::getStringDateNowNoSplit() : 20201224]
[11:43:41.511]-[tid: 2450]-[mainplib.cpp:36][t3.toStringTimeFull() : 2020-01-01 11:22:33.999]
[11:43:41.511]-[tid: 2450]-[mainplib.cpp:37][t3.toStringDate() : 2020-01-01]
[11:43:41.511]-[tid: 2450]-[mainplib.cpp:38][t3.toStringDateNoSplit() : 20200101]
[11:43:41.511]-[tid: 2450]-[mainplib.cpp:39][t3.toStringTime() : 11:22:33.999]
[11:44:36.009]-[tid:11746]-[clib.c:7455] acyear: 2020
[11:44:36.009]-[tid:11746]-[clib.c:7457] acmon: 12
[11:44:36.010]-[tid:11746]-[clib.c:7459] acday: 23
[11:44:36.010]-[tid:11746]-[clib.c:7461] achour: 11
[11:44:36.010]-[tid:11746]-[clib.c:7463] acmin: 22
[11:44:36.011]-[tid:11746]-[clib.c:7465] acsec: 33
[11:44:36.011]-[tid:11746]-[clib.c:7467] acM: 111
[11:44:36.011]-[tid:11746]-[mainplib.cpp:24][tnow : 2020-12-23 11:22:33.111]
[11:44:36.012]-[tid:11746]-[clib.c:7438] acyear: 2020
[11:44:36.012]-[tid:11746]-[clib.c:7440] acmon: 12
[11:44:36.012]-[tid:11746]-[clib.c:7442] acday: 23
[11:44:36.012]-[tid:11746]-[clib.c:7444] achour: 11
[11:44:36.013]-[tid:11746]-[clib.c:7446] acmin: 22
[11:44:36.013]-[tid:11746]-[clib.c:7448] acsec: 33
[11:44:36.013]-[tid:11746]-[clib.c:7450] acM: 000
[11:44:36.013]-[tid:11746]-[mainplib.cpp:26][t2 : 2020-12-23 11:22:33.000]
[11:44:36.014]-[tid:11746]-[clib.c:7472] acyear: 2020
[11:44:36.014]-[tid:11746]-[clib.c:7474] acmon: 01
[11:44:36.014]-[tid:11746]-[clib.c:7476] acday: 01
[11:44:36.014]-[tid:11746]-[clib.c:7478] achour: 11
[11:44:36.014]-[tid:11746]-[clib.c:7480] acmin: 22
[11:44:36.014]-[tid:11746]-[clib.c:7482] acsec: 33
[11:44:36.015]-[tid:11746]-[clib.c:7484] acM: 999
[11:44:36.015]-[tid:11746]-[mainplib.cpp:28][t3 : 2020-01-01 11:22:33.999]
[11:44:36.015]-[tid:11746]-[clib.c:7489] acyear: 2020
[11:44:36.015]-[tid:11746]-[clib.c:7491] acmon: 01
[11:44:36.015]-[tid:11746]-[clib.c:7493] acday: 01
[11:44:36.015]-[tid:11746]-[clib.c:7495] achour: 11
[11:44:36.015]-[tid:11746]-[clib.c:7497] acmin: 22
[11:44:36.015]-[tid:11746]-[clib.c:7499] acsec: 33
[11:44:36.016]-[tid:11746]-[clib.c:7501] acM: 000
[11:44:36.016]-[tid:11746]-[mainplib.cpp:30][t4 : 2020-01-01 11:22:33.000]
[11:44:36.016]-[tid:11746]-[mainplib.cpp:31][ptime::getStringTimeNow() : 11:44:36.016]
[11:44:36.016]-[tid:11746]-[mainplib.cpp:32][ptime::getStringTimeNowNoSplit() : 114436016]
[11:44:36.016]-[tid:11746]-[mainplib.cpp:33][ptime::getStringTimeNowNoSplitNoMs() : 114436]
[11:44:36.016]-[tid:11746]-[mainplib.cpp:34][ptime::getStringDateNowNoSplit() : 20201224]
[11:44:36.016]-[tid:11746]-[mainplib.cpp:36][t3.toStringTimeFull() : 2020-01-01 11:22:33.999]
[11:44:36.016]-[tid:11746]-[mainplib.cpp:37][t3.toStringDate() : 2020-01-01]
[11:44:36.016]-[tid:11746]-[mainplib.cpp:38][t3.toStringDateNoSplit() : 20200101]
[11:44:36.016]-[tid:11746]-[mainplib.cpp:39][t3.toStringTime() : 11:22:33.999]
[11:44:36.016]-[tid:11746]-[mainplib.cpp:40][t3.toStringTimeNoMs() : 11:22:33]
[11:45:38.784]-[tid:21532]-[clib.c:7455] acyear: 2020
[11:45:38.785]-[tid:21532]-[clib.c:7457] acmon: 12
[11:45:38.785]-[tid:21532]-[clib.c:7459] acday: 23
[11:45:38.785]-[tid:21532]-[clib.c:7461] achour: 11
[11:45:38.785]-[tid:21532]-[clib.c:7463] acmin: 22
[11:45:38.786]-[tid:21532]-[clib.c:7465] acsec: 33
[11:45:38.786]-[tid:21532]-[clib.c:7467] acM: 111
[11:45:38.786]-[tid:21532]-[mainplib.cpp:24][tnow : 2020-12-23 11:22:33.111]
[11:45:38.787]-[tid:21532]-[clib.c:7438] acyear: 2020
[11:45:38.787]-[tid:21532]-[clib.c:7440] acmon: 12
[11:45:38.787]-[tid:21532]-[clib.c:7442] acday: 23
[11:45:38.787]-[tid:21532]-[clib.c:7444] achour: 11
[11:45:38.788]-[tid:21532]-[clib.c:7446] acmin: 22
[11:45:38.788]-[tid:21532]-[clib.c:7448] acsec: 33
[11:45:38.788]-[tid:21532]-[clib.c:7450] acM: 000
[11:45:38.788]-[tid:21532]-[mainplib.cpp:26][t2 : 2020-12-23 11:22:33.000]
[11:45:38.789]-[tid:21532]-[clib.c:7472] acyear: 2020
[11:45:38.789]-[tid:21532]-[clib.c:7474] acmon: 01
[11:45:38.789]-[tid:21532]-[clib.c:7476] acday: 01
[11:45:38.790]-[tid:21532]-[clib.c:7478] achour: 11
[11:45:38.790]-[tid:21532]-[clib.c:7480] acmin: 22
[11:45:38.790]-[tid:21532]-[clib.c:7482] acsec: 33
[11:45:38.790]-[tid:21532]-[clib.c:7484] acM: 999
[11:45:38.791]-[tid:21532]-[mainplib.cpp:28][t3 : 2020-01-01 11:22:33.999]
[11:45:38.791]-[tid:21532]-[clib.c:7489] acyear: 2020
[11:45:38.791]-[tid:21532]-[clib.c:7491] acmon: 01
[11:45:38.791]-[tid:21532]-[clib.c:7493] acday: 01
[11:45:38.792]-[tid:21532]-[clib.c:7495] achour: 11
[11:45:38.792]-[tid:21532]-[clib.c:7497] acmin: 22
[11:45:38.792]-[tid:21532]-[clib.c:7499] acsec: 33
[11:45:38.793]-[tid:21532]-[clib.c:7501] acM: 000
[11:45:38.793]-[tid:21532]-[mainplib.cpp:30][t4 : 2020-01-01 11:22:33.000]
[11:45:38.793]-[tid:21532]-[mainplib.cpp:31][ptime::getStringTimeNow() : 11:45:38.793]
[11:45:38.793]-[tid:21532]-[mainplib.cpp:32][ptime::getStringTimeNowNoSplit() : 114538793]
[11:45:38.793]-[tid:21532]-[mainplib.cpp:33][ptime::getStringTimeNowNoSplitNoMs() : 114538]
[11:45:38.793]-[tid:21532]-[mainplib.cpp:34][ptime::getStringDateNowNoSplit() : 20201224]
[11:45:38.793]-[tid:21532]-[mainplib.cpp:36][t3.toStringTimeFull() : 2020-01-01 11:22:33.999]
[11:45:38.793]-[tid:21532]-[mainplib.cpp:37][t3.toStringDate() : 2020-01-01]
[11:45:38.793]-[tid:21532]-[mainplib.cpp:38][t3.toStringDateNoSplit() : 20200101]
[11:45:38.793]-[tid:21532]-[mainplib.cpp:39][t3.toStringTime() : 11:22:33.999]
[11:45:38.793]-[tid:21532]-[mainplib.cpp:40][t3.toStringTimeNoMs() : 11:22:33]
[11:45:38.794]-[tid:21532]-[mainplib.cpp:41][t3.toStringTimeNoSplit() : 2020-01-01 112233999]
[11:45:58.882]-[tid:24730]-[clib.c:7455] acyear: 2020
[11:45:58.883]-[tid:24730]-[clib.c:7457] acmon: 12
[11:45:58.883]-[tid:24730]-[clib.c:7459] acday: 23
[11:45:58.883]-[tid:24730]-[clib.c:7461] achour: 11
[11:45:58.883]-[tid:24730]-[clib.c:7463] acmin: 22
[11:45:58.884]-[tid:24730]-[clib.c:7465] acsec: 33
[11:45:58.884]-[tid:24730]-[clib.c:7467] acM: 111
[11:45:58.884]-[tid:24730]-[mainplib.cpp:24][tnow : 2020-12-23 11:22:33.111]
[11:45:58.885]-[tid:24730]-[clib.c:7438] acyear: 2020
[11:45:58.885]-[tid:24730]-[clib.c:7440] acmon: 12
[11:45:58.885]-[tid:24730]-[clib.c:7442] acday: 23
[11:45:58.885]-[tid:24730]-[clib.c:7444] achour: 11
[11:45:58.886]-[tid:24730]-[clib.c:7446] acmin: 22
[11:45:58.886]-[tid:24730]-[clib.c:7448] acsec: 33
[11:45:58.886]-[tid:24730]-[clib.c:7450] acM: 000
[11:45:58.886]-[tid:24730]-[mainplib.cpp:26][t2 : 2020-12-23 11:22:33.000]
[11:45:58.887]-[tid:24730]-[clib.c:7472] acyear: 2020
[11:45:58.887]-[tid:24730]-[clib.c:7474] acmon: 01
[11:45:58.887]-[tid:24730]-[clib.c:7476] acday: 01
[11:45:58.888]-[tid:24730]-[clib.c:7478] achour: 11
[11:45:58.888]-[tid:24730]-[clib.c:7480] acmin: 22
[11:45:58.888]-[tid:24730]-[clib.c:7482] acsec: 33
[11:45:58.888]-[tid:24730]-[clib.c:7484] acM: 999
[11:45:58.888]-[tid:24730]-[mainplib.cpp:28][t3 : 2020-01-01 11:22:33.999]
[11:45:58.889]-[tid:24730]-[clib.c:7489] acyear: 2020
[11:45:58.889]-[tid:24730]-[clib.c:7491] acmon: 01
[11:45:58.889]-[tid:24730]-[clib.c:7493] acday: 01
[11:45:58.890]-[tid:24730]-[clib.c:7495] achour: 11
[11:45:58.890]-[tid:24730]-[clib.c:7497] acmin: 22
[11:45:58.890]-[tid:24730]-[clib.c:7499] acsec: 33
[11:45:58.890]-[tid:24730]-[clib.c:7501] acM: 000
[11:45:58.891]-[tid:24730]-[mainplib.cpp:30][t4 : 2020-01-01 11:22:33.000]
[11:45:58.891]-[tid:24730]-[mainplib.cpp:31][ptime::getStringTimeNow() : 11:45:58.891]
[11:45:58.891]-[tid:24730]-[mainplib.cpp:32][ptime::getStringTimeNowNoSplit() : 114558891]
[11:45:58.891]-[tid:24730]-[mainplib.cpp:33][ptime::getStringTimeNowNoSplitNoMs() : 114558]
[11:45:58.891]-[tid:24730]-[mainplib.cpp:34][ptime::getStringDateNowNoSplit() : 20201224]
[11:45:58.891]-[tid:24730]-[mainplib.cpp:36][t3.toStringTimeFull() : 2020-01-01 11:22:33.999]
[11:45:58.891]-[tid:24730]-[mainplib.cpp:37][t3.toStringDate() : 2020-01-01]
[11:45:58.891]-[tid:24730]-[mainplib.cpp:38][t3.toStringDateNoSplit() : 20200101]
[11:45:58.891]-[tid:24730]-[mainplib.cpp:39][t3.toStringTime() : 11:22:33.999]
[11:45:58.891]-[tid:24730]-[mainplib.cpp:40][t3.toStringTimeNoMs() : 11:22:33]
[11:45:58.891]-[tid:24730]-[mainplib.cpp:41][t3.toStringTimeNoSplit() : 112233999]
[11:47:05.278]-[tid: 3129]-[clib.c:7455] acyear: 2020
[11:47:05.278]-[tid: 3129]-[clib.c:7457] acmon: 12
[11:47:05.278]-[tid: 3129]-[clib.c:7459] acday: 23
[11:47:05.278]-[tid: 3129]-[clib.c:7461] achour: 11
[11:47:05.279]-[tid: 3129]-[clib.c:7463] acmin: 22
[11:47:05.279]-[tid: 3129]-[clib.c:7465] acsec: 33
[11:47:05.279]-[tid: 3129]-[clib.c:7467] acM: 111
[11:47:05.280]-[tid: 3129]-[mainplib.cpp:24][tnow : 2020-12-23 11:22:33.111]
[11:47:05.280]-[tid: 3129]-[clib.c:7438] acyear: 2020
[11:47:05.280]-[tid: 3129]-[clib.c:7440] acmon: 12
[11:47:05.280]-[tid: 3129]-[clib.c:7442] acday: 23
[11:47:05.281]-[tid: 3129]-[clib.c:7444] achour: 11
[11:47:05.281]-[tid: 3129]-[clib.c:7446] acmin: 22
[11:47:05.281]-[tid: 3129]-[clib.c:7448] acsec: 33
[11:47:05.282]-[tid: 3129]-[clib.c:7450] acM: 000
[11:47:05.282]-[tid: 3129]-[mainplib.cpp:26][t2 : 2020-12-23 11:22:33.000]
[11:47:05.282]-[tid: 3129]-[clib.c:7472] acyear: 2020
[11:47:05.282]-[tid: 3129]-[clib.c:7474] acmon: 01
[11:47:05.283]-[tid: 3129]-[clib.c:7476] acday: 01
[11:47:05.283]-[tid: 3129]-[clib.c:7478] achour: 11
[11:47:05.283]-[tid: 3129]-[clib.c:7480] acmin: 22
[11:47:05.283]-[tid: 3129]-[clib.c:7482] acsec: 33
[11:47:05.284]-[tid: 3129]-[clib.c:7484] acM: 999
[11:47:05.284]-[tid: 3129]-[mainplib.cpp:28][t3 : 2020-01-01 11:22:33.999]
[11:47:05.284]-[tid: 3129]-[clib.c:7489] acyear: 2020
[11:47:05.284]-[tid: 3129]-[clib.c:7491] acmon: 01
[11:47:05.284]-[tid: 3129]-[clib.c:7493] acday: 01
[11:47:05.284]-[tid: 3129]-[clib.c:7495] achour: 11
[11:47:05.285]-[tid: 3129]-[clib.c:7497] acmin: 22
[11:47:05.285]-[tid: 3129]-[clib.c:7499] acsec: 33
[11:47:05.285]-[tid: 3129]-[clib.c:7501] acM: 000
[11:47:05.285]-[tid: 3129]-[mainplib.cpp:30][t4 : 2020-01-01 11:22:33.000]
[11:47:05.285]-[tid: 3129]-[mainplib.cpp:31][ptime::getStringTimeNow() : 11:47:05.285]
[11:47:05.285]-[tid: 3129]-[mainplib.cpp:32][ptime::getStringTimeNowNoSplit() : 114705285]
[11:47:05.285]-[tid: 3129]-[mainplib.cpp:33][ptime::getStringTimeNowNoSplitNoMs() : 114705]
[11:47:05.285]-[tid: 3129]-[mainplib.cpp:34][ptime::getStringDateNowNoSplit() : 20201224]
[11:47:05.285]-[tid: 3129]-[mainplib.cpp:36][t3.toStringTimeFull() : 2020-01-01 11:22:33.999]
[11:47:05.285]-[tid: 3129]-[mainplib.cpp:37][t3.toStringDate() : 2020-01-01]
[11:47:05.285]-[tid: 3129]-[mainplib.cpp:38][t3.toStringDateNoSplit() : 20200101]
[11:47:05.285]-[tid: 3129]-[mainplib.cpp:39][t3.toStringTime() : 11:22:33.999]
[11:47:05.285]-[tid: 3129]-[mainplib.cpp:40][t3.toStringTimeNoMs() : 11:22:33]
[11:47:05.285]-[tid: 3129]-[mainplib.cpp:41][t3.toStringTimeNoSplit() : 112233999]
[11:47:05.285]-[tid: 3129]-[mainplib.cpp:42][t3.toStringTimeNoSplitNoMs() : 112233]
[12:13:14.214]-[tid:30228]-[clib.c:7455] acyear: 2020
[12:13:14.214]-[tid:30228]-[clib.c:7457] acmon: 12
[12:13:14.215]-[tid:30228]-[clib.c:7459] acday: 23
[12:13:14.215]-[tid:30228]-[clib.c:7461] achour: 11
[12:13:14.215]-[tid:30228]-[clib.c:7463] acmin: 22
[12:13:14.216]-[tid:30228]-[clib.c:7465] acsec: 33
[12:13:14.216]-[tid:30228]-[clib.c:7467] acM: 111
[12:13:14.216]-[tid:30228]-[mainplib.cpp:24][tnow : 2020-12-23 11:22:33.111]
[12:13:14.216]-[tid:30228]-[clib.c:7438] acyear: 2020
[12:13:14.217]-[tid:30228]-[clib.c:7440] acmon: 12
[12:13:14.217]-[tid:30228]-[clib.c:7442] acday: 23
[12:13:14.217]-[tid:30228]-[clib.c:7444] achour: 11
[12:13:14.218]-[tid:30228]-[clib.c:7446] acmin: 22
[12:13:14.218]-[tid:30228]-[clib.c:7448] acsec: 33
[12:13:14.218]-[tid:30228]-[clib.c:7450] acM: 000
[12:13:14.218]-[tid:30228]-[mainplib.cpp:26][t2 : 2020-12-23 11:22:33.000]
[12:13:14.219]-[tid:30228]-[clib.c:7472] acyear: 2020
[12:13:14.219]-[tid:30228]-[clib.c:7474] acmon: 01
[12:13:14.219]-[tid:30228]-[clib.c:7476] acday: 01
[12:13:14.220]-[tid:30228]-[clib.c:7478] achour: 11
[12:13:14.220]-[tid:30228]-[clib.c:7480] acmin: 22
[12:13:14.220]-[tid:30228]-[clib.c:7482] acsec: 33
[12:13:14.221]-[tid:30228]-[clib.c:7484] acM: 999
[12:13:14.221]-[tid:30228]-[mainplib.cpp:28][t3 : 2020-01-01 11:22:33.999]
[12:13:14.221]-[tid:30228]-[clib.c:7489] acyear: 2020
[12:13:14.221]-[tid:30228]-[clib.c:7491] acmon: 01
[12:13:14.222]-[tid:30228]-[clib.c:7493] acday: 01
[12:13:14.222]-[tid:30228]-[clib.c:7495] achour: 11
[12:13:14.222]-[tid:30228]-[clib.c:7497] acmin: 22
[12:13:14.222]-[tid:30228]-[clib.c:7499] acsec: 33
[12:13:14.223]-[tid:30228]-[clib.c:7501] acM: 000
[12:13:14.223]-[tid:30228]-[mainplib.cpp:30][t4 : 2020-01-01 11:22:33.000]
[12:13:14.223]-[tid:30228]-[mainplib.cpp:31][ptime::getStringTimeNow() : 12:13:14.223]
[12:13:14.223]-[tid:30228]-[mainplib.cpp:32][ptime::getStringTimeNowNoSplit() : 121314223]
[12:13:14.223]-[tid:30228]-[mainplib.cpp:33][ptime::getStringTimeNowNoSplitNoMs() : 121314]
[12:13:14.223]-[tid:30228]-[mainplib.cpp:34][ptime::getStringDateNowNoSplit() : 20201224]
[12:13:14.223]-[tid:30228]-[mainplib.cpp:36][t3.toStringTimeFull() : 2020-01-01 11:22:33.999]
[12:13:14.223]-[tid:30228]-[mainplib.cpp:37][t3.toStringDate() : 2020-01-01]
[12:13:14.223]-[tid:30228]-[mainplib.cpp:38][t3.toStringDateNoSplit() : 20200101]
[12:13:14.224]-[tid:30228]-[mainplib.cpp:39][t3.toStringTime() : 11:22:33.999]
[12:13:14.224]-[tid:30228]-[mainplib.cpp:40][t3.toStringTimeNoMs() : 11:22:33]
[12:13:14.224]-[tid:30228]-[mainplib.cpp:41][t3.toStringTimeNoSplit() : 112233999]
[12:13:14.224]-[tid:30228]-[mainplib.cpp:42][t3.toStringTimeNoSplitNoMs() : 112233]
[12:13:23.052]-[tid:31706]-[clib.c:7455] acyear: 2020
[12:13:23.052]-[tid:31706]-[clib.c:7457] acmon: 12
[12:13:23.053]-[tid:31706]-[clib.c:7459] acday: 23
[12:13:23.053]-[tid:31706]-[clib.c:7461] achour: 11
[12:13:23.053]-[tid:31706]-[clib.c:7463] acmin: 22
[12:13:23.053]-[tid:31706]-[clib.c:7465] acsec: 33
[12:13:23.054]-[tid:31706]-[clib.c:7467] acM: 111
[12:13:23.054]-[tid:31706]-[mainplib.cpp:24][tnow : 2020-12-23 11:22:33.111]
[12:13:23.054]-[tid:31706]-[clib.c:7438] acyear: 2020
[12:13:23.054]-[tid:31706]-[clib.c:7440] acmon: 12
[12:13:23.054]-[tid:31706]-[clib.c:7442] acday: 23
[12:13:23.055]-[tid:31706]-[clib.c:7444] achour: 11
[12:13:23.055]-[tid:31706]-[clib.c:7446] acmin: 22
[12:13:23.055]-[tid:31706]-[clib.c:7448] acsec: 33
[12:13:23.055]-[tid:31706]-[clib.c:7450] acM: 000
[12:13:23.055]-[tid:31706]-[mainplib.cpp:26][t2 : 2020-12-23 11:22:33.000]
[12:13:23.055]-[tid:31706]-[clib.c:7472] acyear: 2020
[12:13:23.055]-[tid:31706]-[clib.c:7474] acmon: 01
[12:13:23.055]-[tid:31706]-[clib.c:7476] acday: 01
[12:13:23.055]-[tid:31706]-[clib.c:7478] achour: 11
[12:13:23.056]-[tid:31706]-[clib.c:7480] acmin: 22
[12:13:23.056]-[tid:31706]-[clib.c:7482] acsec: 33
[12:13:23.056]-[tid:31706]-[clib.c:7484] acM: 999
[12:13:23.056]-[tid:31706]-[mainplib.cpp:28][t3 : 2020-01-01 11:22:33.999]
[12:13:23.056]-[tid:31706]-[clib.c:7489] acyear: 2020
[12:13:23.056]-[tid:31706]-[clib.c:7491] acmon: 01
[12:13:23.056]-[tid:31706]-[clib.c:7493] acday: 01
[12:13:23.056]-[tid:31706]-[clib.c:7495] achour: 11
[12:13:23.057]-[tid:31706]-[clib.c:7497] acmin: 22
[12:13:23.057]-[tid:31706]-[clib.c:7499] acsec: 33
[12:13:23.057]-[tid:31706]-[clib.c:7501] acM: 000
[12:13:23.057]-[tid:31706]-[mainplib.cpp:30][t4 : 2020-01-01 11:22:33.000]
[12:13:23.057]-[tid:31706]-[mainplib.cpp:31][ptime::getStringTimeNow() : 12:13:23.057]
[12:13:23.057]-[tid:31706]-[mainplib.cpp:32][ptime::getStringTimeNowNoSplit() : 121323057]
[12:13:23.057]-[tid:31706]-[mainplib.cpp:33][ptime::getStringTimeNowNoSplitNoMs() : 121323]
[12:13:23.057]-[tid:31706]-[mainplib.cpp:34][ptime::getStringDateNowNoSplit() : 20201224]
[12:13:23.057]-[tid:31706]-[mainplib.cpp:36][t3.toStringTimeFull() : 2020-01-01 11:22:33.999]
[12:13:23.057]-[tid:31706]-[mainplib.cpp:37][t3.toStringDate() : 2020-01-01]
[12:13:23.057]-[tid:31706]-[mainplib.cpp:38][t3.toStringDateNoSplit() : 20200101]
[12:13:23.057]-[tid:31706]-[mainplib.cpp:39][t3.toStringTime() : 11:22:33.999]
[12:13:23.057]-[tid:31706]-[mainplib.cpp:40][t3.toStringTimeNoMs() : 11:22:33]
[12:13:23.057]-[tid:31706]-[mainplib.cpp:41][t3.toStringTimeNoSplit() : 112233999]
[12:13:23.057]-[tid:31706]-[mainplib.cpp:42][t3.toStringTimeNoSplitNoMs() : 112233]
[12:13:25.296]-[tid:32133]-[clib.c:7455] acyear: 2020
[12:13:25.296]-[tid:32133]-[clib.c:7457] acmon: 12
[12:13:25.296]-[tid:32133]-[clib.c:7459] acday: 23
[12:13:25.297]-[tid:32133]-[clib.c:7461] achour: 11
[12:13:25.297]-[tid:32133]-[clib.c:7463] acmin: 22
[12:13:25.297]-[tid:32133]-[clib.c:7465] acsec: 33
[12:13:25.297]-[tid:32133]-[clib.c:7467] acM: 111
[12:13:25.298]-[tid:32133]-[mainplib.cpp:24][tnow : 2020-12-23 11:22:33.111]
[12:13:25.298]-[tid:32133]-[clib.c:7438] acyear: 2020
[12:13:25.298]-[tid:32133]-[clib.c:7440] acmon: 12
[12:13:25.299]-[tid:32133]-[clib.c:7442] acday: 23
[12:13:25.299]-[tid:32133]-[clib.c:7444] achour: 11
[12:13:25.299]-[tid:32133]-[clib.c:7446] acmin: 22
[12:13:25.299]-[tid:32133]-[clib.c:7448] acsec: 33
[12:13:25.300]-[tid:32133]-[clib.c:7450] acM: 000
[12:13:25.300]-[tid:32133]-[mainplib.cpp:26][t2 : 2020-12-23 11:22:33.000]
[12:13:25.300]-[tid:32133]-[clib.c:7472] acyear: 2020
[12:13:25.300]-[tid:32133]-[clib.c:7474] acmon: 01
[12:13:25.301]-[tid:32133]-[clib.c:7476] acday: 01
[12:13:25.301]-[tid:32133]-[clib.c:7478] achour: 11
[12:13:25.301]-[tid:32133]-[clib.c:7480] acmin: 22
[12:13:25.301]-[tid:32133]-[clib.c:7482] acsec: 33
[12:13:25.302]-[tid:32133]-[clib.c:7484] acM: 999
[12:13:25.302]-[tid:32133]-[mainplib.cpp:28][t3 : 2020-01-01 11:22:33.999]
[12:13:25.302]-[tid:32133]-[clib.c:7489] acyear: 2020
[12:13:25.302]-[tid:32133]-[clib.c:7491] acmon: 01
[12:13:25.303]-[tid:32133]-[clib.c:7493] acday: 01
[12:13:25.303]-[tid:32133]-[clib.c:7495] achour: 11
[12:13:25.303]-[tid:32133]-[clib.c:7497] acmin: 22
[12:13:25.304]-[tid:32133]-[clib.c:7499] acsec: 33
[12:13:25.304]-[tid:32133]-[clib.c:7501] acM: 000
[12:13:25.304]-[tid:32133]-[mainplib.cpp:30][t4 : 2020-01-01 11:22:33.000]
[12:13:25.304]-[tid:32133]-[mainplib.cpp:31][ptime::getStringTimeNow() : 12:13:25.304]
[12:13:25.305]-[tid:32133]-[mainplib.cpp:32][ptime::getStringTimeNowNoSplit() : 121325304]
[12:13:25.305]-[tid:32133]-[mainplib.cpp:33][ptime::getStringTimeNowNoSplitNoMs() : 121325]
[12:13:25.305]-[tid:32133]-[mainplib.cpp:34][ptime::getStringDateNowNoSplit() : 20201224]
[12:13:25.305]-[tid:32133]-[mainplib.cpp:36][t3.toStringTimeFull() : 2020-01-01 11:22:33.999]
[12:13:25.305]-[tid:32133]-[mainplib.cpp:37][t3.toStringDate() : 2020-01-01]
[12:13:25.305]-[tid:32133]-[mainplib.cpp:38][t3.toStringDateNoSplit() : 20200101]
[12:13:25.305]-[tid:32133]-[mainplib.cpp:39][t3.toStringTime() : 11:22:33.999]
[12:13:25.305]-[tid:32133]-[mainplib.cpp:40][t3.toStringTimeNoMs() : 11:22:33]
[12:13:25.305]-[tid:32133]-[mainplib.cpp:41][t3.toStringTimeNoSplit() : 112233999]
[12:13:25.305]-[tid:32133]-[mainplib.cpp:42][t3.toStringTimeNoSplitNoMs() : 112233]
[12:13:33.243]-[tid: 1338]-[clib.c:7455] acyear: 2020
[12:13:33.243]-[tid: 1338]-[clib.c:7457] acmon: 12
[12:13:33.244]-[tid: 1338]-[clib.c:7459] acday: 23
[12:13:33.244]-[tid: 1338]-[clib.c:7461] achour: 11
[12:13:33.244]-[tid: 1338]-[clib.c:7463] acmin: 22
[12:13:33.245]-[tid: 1338]-[clib.c:7465] acsec: 33
[12:13:33.245]-[tid: 1338]-[clib.c:7467] acM: 111
[12:13:33.245]-[tid: 1338]-[mainplib.cpp:24][tnow : 2020-12-23 11:22:33.111]
[12:13:33.245]-[tid: 1338]-[clib.c:7438] acyear: 2020
[12:13:33.246]-[tid: 1338]-[clib.c:7440] acmon: 12
[12:13:33.246]-[tid: 1338]-[clib.c:7442] acday: 23
[12:13:33.246]-[tid: 1338]-[clib.c:7444] achour: 11
[12:13:33.247]-[tid: 1338]-[clib.c:7446] acmin: 22
[12:13:33.247]-[tid: 1338]-[clib.c:7448] acsec: 33
[12:13:33.247]-[tid: 1338]-[clib.c:7450] acM: 000
[12:13:33.247]-[tid: 1338]-[mainplib.cpp:26][t2 : 2020-12-23 11:22:33.000]
[12:13:33.248]-[tid: 1338]-[clib.c:7472] acyear: 2020
[12:13:33.248]-[tid: 1338]-[clib.c:7474] acmon: 01
[12:13:33.248]-[tid: 1338]-[clib.c:7476] acday: 01
[12:13:33.248]-[tid: 1338]-[clib.c:7478] achour: 11
[12:13:33.249]-[tid: 1338]-[clib.c:7480] acmin: 22
[12:13:33.249]-[tid: 1338]-[clib.c:7482] acsec: 33
[12:13:33.249]-[tid: 1338]-[clib.c:7484] acM: 999
[12:13:33.249]-[tid: 1338]-[mainplib.cpp:28][t3 : 2020-01-01 11:22:33.999]
[12:13:33.250]-[tid: 1338]-[clib.c:7489] acyear: 2020
[12:13:33.250]-[tid: 1338]-[clib.c:7491] acmon: 01
[12:13:33.250]-[tid: 1338]-[clib.c:7493] acday: 01
[12:13:33.250]-[tid: 1338]-[clib.c:7495] achour: 11
[12:13:33.251]-[tid: 1338]-[clib.c:7497] acmin: 22
[12:13:33.251]-[tid: 1338]-[clib.c:7499] acsec: 33
[12:13:33.251]-[tid: 1338]-[clib.c:7501] acM: 000
[12:13:33.251]-[tid: 1338]-[mainplib.cpp:30][t4 : 2020-01-01 11:22:33.000]
[12:13:33.251]-[tid: 1338]-[mainplib.cpp:31][ptime::getStringTimeNow() : 12:13:33.251]
[12:13:33.252]-[tid: 1338]-[mainplib.cpp:32][ptime::getStringTimeNowNoSplit() : 121333252]
[12:13:33.252]-[tid: 1338]-[mainplib.cpp:33][ptime::getStringTimeNowNoSplitNoMs() : 121333]
[12:13:33.252]-[tid: 1338]-[mainplib.cpp:34][ptime::getStringDateNowNoSplit() : 20201224]
[12:13:33.252]-[tid: 1338]-[mainplib.cpp:36][t3.toStringTimeFull() : 2020-01-01 11:22:33.999]
[12:13:33.252]-[tid: 1338]-[mainplib.cpp:37][t3.toStringDate() : 2020-01-01]
[12:13:33.252]-[tid: 1338]-[mainplib.cpp:38][t3.toStringDateNoSplit() : 20200101]
[12:13:33.252]-[tid: 1338]-[mainplib.cpp:39][t3.toStringTime() : 11:22:33.999]
[12:13:33.252]-[tid: 1338]-[mainplib.cpp:40][t3.toStringTimeNoMs() : 11:22:33]
[12:13:33.252]-[tid: 1338]-[mainplib.cpp:41][t3.toStringTimeNoSplit() : 112233999]
[12:13:33.252]-[tid: 1338]-[mainplib.cpp:42][t3.toStringTimeNoSplitNoMs() : 112233]
[12:14:10.573]-[tid: 8944]-[clib.c:7455] acyear: 2020
[12:14:10.573]-[tid: 8944]-[clib.c:7457] acmon: 12
[12:14:10.573]-[tid: 8944]-[clib.c:7459] acday: 23
[12:14:10.574]-[tid: 8944]-[clib.c:7461] achour: 11
[12:14:10.574]-[tid: 8944]-[clib.c:7463] acmin: 22
[12:14:10.574]-[tid: 8944]-[clib.c:7465] acsec: 33
[12:14:10.574]-[tid: 8944]-[clib.c:7467] acM: 111
[12:14:10.575]-[tid: 8944]-[mainplib.cpp:24][tnow : 2020-12-23 11:22:33.111]
[12:14:10.575]-[tid: 8944]-[clib.c:7438] acyear: 2020
[12:14:10.575]-[tid: 8944]-[clib.c:7440] acmon: 12
[12:14:10.575]-[tid: 8944]-[clib.c:7442] acday: 23
[12:14:10.576]-[tid: 8944]-[clib.c:7444] achour: 11
[12:14:10.576]-[tid: 8944]-[clib.c:7446] acmin: 22
[12:14:10.576]-[tid: 8944]-[clib.c:7448] acsec: 33
[12:14:10.576]-[tid: 8944]-[clib.c:7450] acM: 000
[12:14:10.576]-[tid: 8944]-[mainplib.cpp:26][t2 : 2020-12-23 11:22:33.000]
[12:14:10.577]-[tid: 8944]-[clib.c:7472] acyear: 2020
[12:14:10.577]-[tid: 8944]-[clib.c:7474] acmon: 01
[12:14:10.577]-[tid: 8944]-[clib.c:7476] acday: 01
[12:14:10.577]-[tid: 8944]-[clib.c:7478] achour: 11
[12:14:10.577]-[tid: 8944]-[clib.c:7480] acmin: 22
[12:14:10.578]-[tid: 8944]-[clib.c:7482] acsec: 33
[12:14:10.578]-[tid: 8944]-[clib.c:7484] acM: 999
[12:14:10.578]-[tid: 8944]-[mainplib.cpp:28][t3 : 2020-01-01 11:22:33.999]
[12:14:10.578]-[tid: 8944]-[clib.c:7489] acyear: 2020
[12:14:10.578]-[tid: 8944]-[clib.c:7491] acmon: 01
[12:14:10.579]-[tid: 8944]-[clib.c:7493] acday: 01
[12:14:10.579]-[tid: 8944]-[clib.c:7495] achour: 11
[12:14:10.579]-[tid: 8944]-[clib.c:7497] acmin: 22
[12:14:10.579]-[tid: 8944]-[clib.c:7499] acsec: 33
[12:14:10.580]-[tid: 8944]-[clib.c:7501] acM: 000
[12:14:10.580]-[tid: 8944]-[mainplib.cpp:30][t4 : 2020-01-01 11:22:33.000]
[12:14:10.580]-[tid: 8944]-[mainplib.cpp:31][ptime::getStringTimeNow() : 12:14:10.580]
[12:14:10.580]-[tid: 8944]-[mainplib.cpp:32][ptime::getStringTimeNowNoSplit() : 121410580]
[12:14:10.580]-[tid: 8944]-[mainplib.cpp:33][ptime::getStringTimeNowNoSplitNoMs() : 121410]
[12:14:10.580]-[tid: 8944]-[mainplib.cpp:34][ptime::getStringDateNowNoSplit() : 20201224]
[12:14:10.580]-[tid: 8944]-[mainplib.cpp:36][t3.toStringTimeFull() : 2020-01-01 11:22:33.999]
[12:14:10.580]-[tid: 8944]-[mainplib.cpp:37][t3.toStringDate() : 2020-01-01]
[12:14:10.580]-[tid: 8944]-[mainplib.cpp:38][t3.toStringDateNoSplit() : 20200101]
[12:14:10.580]-[tid: 8944]-[mainplib.cpp:39][t3.toStringTime() : 11:22:33.999]
[12:14:10.580]-[tid: 8944]-[mainplib.cpp:40][t3.toStringTimeNoMs() : 11:22:33]
[12:14:10.580]-[tid: 8944]-[mainplib.cpp:41][t3.toStringTimeNoSplit() : 112233999]
[12:14:10.581]-[tid: 8944]-[mainplib.cpp:42][t3.toStringTimeNoSplitNoMs() : 112233]
[13:02:18.980]-[tid:17200]-[clib.c:7455] acyear: 2020
[13:02:18.980]-[tid:17200]-[clib.c:7457] acmon: 12
[13:02:18.981]-[tid:17200]-[clib.c:7459] acday: 23
[13:02:18.981]-[tid:17200]-[clib.c:7461] achour: 11
[13:02:18.981]-[tid:17200]-[clib.c:7463] acmin: 22
[13:02:18.981]-[tid:17200]-[clib.c:7465] acsec: 33
[13:02:18.982]-[tid:17200]-[clib.c:7467] acM: 111
[13:02:18.982]-[tid:17200]-[mainplib.cpp:24][tnow : 2020-12-23 11:22:33.111]
[13:02:18.982]-[tid:17200]-[clib.c:7438] acyear: 2020
[13:02:18.983]-[tid:17200]-[clib.c:7440] acmon: 12
[13:02:18.983]-[tid:17200]-[clib.c:7442] acday: 23
[13:02:18.983]-[tid:17200]-[clib.c:7444] achour: 11
[13:02:18.984]-[tid:17200]-[clib.c:7446] acmin: 22
[13:02:18.984]-[tid:17200]-[clib.c:7448] acsec: 33
[13:02:18.984]-[tid:17200]-[clib.c:7450] acM: 000
[13:02:18.984]-[tid:17200]-[mainplib.cpp:26][t2 : 2020-12-23 11:22:33.000]
[13:02:18.984]-[tid:17200]-[clib.c:7472] acyear: 2020
[13:02:18.984]-[tid:17200]-[clib.c:7474] acmon: 01
[13:02:18.985]-[tid:17200]-[clib.c:7476] acday: 01
[13:02:18.985]-[tid:17200]-[clib.c:7478] achour: 11
[13:02:18.985]-[tid:17200]-[clib.c:7480] acmin: 22
[13:02:18.985]-[tid:17200]-[clib.c:7482] acsec: 33
[13:02:18.985]-[tid:17200]-[clib.c:7484] acM: 999
[13:02:18.985]-[tid:17200]-[mainplib.cpp:28][t3 : 2020-01-01 11:22:33.999]
[13:02:18.985]-[tid:17200]-[clib.c:7489] acyear: 2020
[13:02:18.985]-[tid:17200]-[clib.c:7491] acmon: 01
[13:02:18.986]-[tid:17200]-[clib.c:7493] acday: 01
[13:02:18.986]-[tid:17200]-[clib.c:7495] achour: 11
[13:02:18.986]-[tid:17200]-[clib.c:7497] acmin: 22
[13:02:18.986]-[tid:17200]-[clib.c:7499] acsec: 33
[13:02:18.986]-[tid:17200]-[clib.c:7501] acM: 000
[13:02:18.986]-[tid:17200]-[mainplib.cpp:30][t4 : 2020-01-01 11:22:33.000]
[13:02:18.986]-[tid:17200]-[mainplib.cpp:31][ptime::getStringTimeNow() : 13:02:18.986]
[13:02:18.986]-[tid:17200]-[mainplib.cpp:32][ptime::getStringTimeNowNoSplit() : 130218986]
[13:02:18.986]-[tid:17200]-[mainplib.cpp:33][ptime::getStringTimeNowNoSplitNoMs() : 130218]
[13:02:18.986]-[tid:17200]-[mainplib.cpp:34][ptime::getStringDateNowNoSplit() : 20201224]
[13:02:18.986]-[tid:17200]-[mainplib.cpp:36][t3.toStringTimeFull() : 2020-01-01 11:22:33.999]
[13:02:18.986]-[tid:17200]-[mainplib.cpp:37][t3.toStringDate() : 2020-01-01]
[13:02:18.987]-[tid:17200]-[mainplib.cpp:38][t3.toStringDateNoSplit() : 20200101]
[13:02:18.987]-[tid:17200]-[mainplib.cpp:39][t3.toStringTime() : 11:22:33.999]
[13:02:18.987]-[tid:17200]-[mainplib.cpp:40][t3.toStringTimeNoMs() : 11:22:33]
[13:02:18.987]-[tid:17200]-[mainplib.cpp:41][t3.toStringTimeNoSplit() : 112233999]
[13:02:18.987]-[tid:17200]-[mainplib.cpp:42][t3.toStringTimeNoSplitNoMs() : 112233]
